<!DOCTYPE HTML PUBLIC "-//W3C//DTD HTML 4.01 Transitional//EN" "http://www.w3.org/TR/html4/loose.dtd">
<html>
<head>
<title>Selenium Logs</title>
<style type="text/css">
<!--
body, table {font-family: arial,sans-serif; font-size: x-small;}
th {background: #336699; color: #FFFFFF; text-align: left;}
-->
</style>
</head>
<body bgcolor="#FFFFFF" topmargin="6" leftmargin="6">
<hr size="1" noshade>
Log session start time Fri Feb 08 19:09:34 EST 2019<br>
<br>
<table cellspacing="0" cellpadding="4" border="1" bordercolor="#224466" width="100%">
<tr>
<th>Time</th>
<th>Thread</th>
<th>Level</th>
<th>Category</th>
<th>File:Line</th>
<th>Message</th>
</tr>

<tr>
<td>0</td>
<td title="main thread">main</td>
<td title="Level">INFO</td>
<td title="com.ParkingLibrary.BasePage category">com.ParkingLibrary.BasePage</td>
<td>BasePage.java:31</td>
<td title="Message">Test is running in Demo mode OFF...</td>
</tr>
<!DOCTYPE HTML PUBLIC "-//W3C//DTD HTML 4.01 Transitional//EN" "http://www.w3.org/TR/html4/loose.dtd">
<html>
<head>
<title>Selenium Logs</title>
<style type="text/css">
<!--
body, table {font-family: arial,sans-serif; font-size: x-small;}
th {background: #336699; color: #FFFFFF; text-align: left;}
-->
</style>
</head>
<body bgcolor="#FFFFFF" topmargin="6" leftmargin="6">
<hr size="1" noshade>
Log session start time Fri Feb 08 19:14:42 EST 2019<br>
<br>
<table cellspacing="0" cellpadding="4" border="1" bordercolor="#224466" width="100%">
<tr>
<th>Time</th>
<th>Thread</th>
<th>Level</th>
<th>Category</th>
<th>File:Line</th>
<th>Message</th>
</tr>

<tr>
<td>0</td>
<td title="main thread">main</td>
<td title="Level">INFO</td>
<td title="com.ParkingLibrary.BasePage category">com.ParkingLibrary.BasePage</td>
<td>BasePage.java:31</td>
<td title="Message">Test is running in Demo mode OFF...</td>
</tr>
<!DOCTYPE HTML PUBLIC "-//W3C//DTD HTML 4.01 Transitional//EN" "http://www.w3.org/TR/html4/loose.dtd">
<html>
<head>
<title>Selenium Logs</title>
<style type="text/css">
<!--
body, table {font-family: arial,sans-serif; font-size: x-small;}
th {background: #336699; color: #FFFFFF; text-align: left;}
-->
</style>
</head>
<body bgcolor="#FFFFFF" topmargin="6" leftmargin="6">
<hr size="1" noshade>
Log session start time Fri Feb 08 19:27:37 EST 2019<br>
<br>
<table cellspacing="0" cellpadding="4" border="1" bordercolor="#224466" width="100%">
<tr>
<th>Time</th>
<th>Thread</th>
<th>Level</th>
<th>Category</th>
<th>File:Line</th>
<th>Message</th>
</tr>

<tr>
<td>1</td>
<td title="main thread">main</td>
<td title="Level">INFO</td>
<td title="com.ParkingLibrary.BasePage category">com.ParkingLibrary.BasePage</td>
<td>BasePage.java:31</td>
<td title="Message">Test is running in Demo mode OFF...</td>
</tr>
<!DOCTYPE HTML PUBLIC "-//W3C//DTD HTML 4.01 Transitional//EN" "http://www.w3.org/TR/html4/loose.dtd">
<html>
<head>
<title>Selenium Logs</title>
<style type="text/css">
<!--
body, table {font-family: arial,sans-serif; font-size: x-small;}
th {background: #336699; color: #FFFFFF; text-align: left;}
-->
</style>
</head>
<body bgcolor="#FFFFFF" topmargin="6" leftmargin="6">
<hr size="1" noshade>
Log session start time Fri Feb 08 19:29:27 EST 2019<br>
<br>
<table cellspacing="0" cellpadding="4" border="1" bordercolor="#224466" width="100%">
<tr>
<th>Time</th>
<th>Thread</th>
<th>Level</th>
<th>Category</th>
<th>File:Line</th>
<th>Message</th>
</tr>

<tr>
<td>0</td>
<td title="main thread">main</td>
<td title="Level">INFO</td>
<td title="com.ParkingLibrary.BasePage category">com.ParkingLibrary.BasePage</td>
<td>BasePage.java:31</td>
<td title="Message">Test is running in Demo mode OFF...</td>
</tr>
<!DOCTYPE HTML PUBLIC "-//W3C//DTD HTML 4.01 Transitional//EN" "http://www.w3.org/TR/html4/loose.dtd">
<html>
<head>
<title>Selenium Logs</title>
<style type="text/css">
<!--
body, table {font-family: arial,sans-serif; font-size: x-small;}
th {background: #336699; color: #FFFFFF; text-align: left;}
-->
</style>
</head>
<body bgcolor="#FFFFFF" topmargin="6" leftmargin="6">
<hr size="1" noshade>
Log session start time Fri Feb 08 19:30:17 EST 2019<br>
<br>
<table cellspacing="0" cellpadding="4" border="1" bordercolor="#224466" width="100%">
<tr>
<th>Time</th>
<th>Thread</th>
<th>Level</th>
<th>Category</th>
<th>File:Line</th>
<th>Message</th>
</tr>

<tr>
<td>0</td>
<td title="main thread">main</td>
<td title="Level">INFO</td>
<td title="com.ParkingLibrary.BasePage category">com.ParkingLibrary.BasePage</td>
<td>BasePage.java:31</td>
<td title="Message">Test is running in Demo mode OFF...</td>
</tr>
<!DOCTYPE HTML PUBLIC "-//W3C//DTD HTML 4.01 Transitional//EN" "http://www.w3.org/TR/html4/loose.dtd">
<html>
<head>
<title>Selenium Logs</title>
<style type="text/css">
<!--
body, table {font-family: arial,sans-serif; font-size: x-small;}
th {background: #336699; color: #FFFFFF; text-align: left;}
-->
</style>
</head>
<body bgcolor="#FFFFFF" topmargin="6" leftmargin="6">
<hr size="1" noshade>
Log session start time Fri Feb 08 19:44:34 EST 2019<br>
<br>
<table cellspacing="0" cellpadding="4" border="1" bordercolor="#224466" width="100%">
<tr>
<th>Time</th>
<th>Thread</th>
<th>Level</th>
<th>Category</th>
<th>File:Line</th>
<th>Message</th>
</tr>

<tr>
<td>0</td>
<td title="main thread">main</td>
<td title="Level">INFO</td>
<td title="com.ParkingLibrary.BasePage category">com.ParkingLibrary.BasePage</td>
<td>BasePage.java:31</td>
<td title="Message">Test is running in Demo mode OFF...</td>
</tr>
<!DOCTYPE HTML PUBLIC "-//W3C//DTD HTML 4.01 Transitional//EN" "http://www.w3.org/TR/html4/loose.dtd">
<html>
<head>
<title>Selenium Logs</title>
<style type="text/css">
<!--
body, table {font-family: arial,sans-serif; font-size: x-small;}
th {background: #336699; color: #FFFFFF; text-align: left;}
-->
</style>
</head>
<body bgcolor="#FFFFFF" topmargin="6" leftmargin="6">
<hr size="1" noshade>
Log session start time Fri Feb 08 19:52:33 EST 2019<br>
<br>
<table cellspacing="0" cellpadding="4" border="1" bordercolor="#224466" width="100%">
<tr>
<th>Time</th>
<th>Thread</th>
<th>Level</th>
<th>Category</th>
<th>File:Line</th>
<th>Message</th>
</tr>

<tr>
<td>0</td>
<td title="main thread">main</td>
<td title="Level">INFO</td>
<td title="com.ParkingLibrary.BasePage category">com.ParkingLibrary.BasePage</td>
<td>BasePage.java:31</td>
<td title="Message">Test is running in Demo mode OFF...</td>
</tr>
<!DOCTYPE HTML PUBLIC "-//W3C//DTD HTML 4.01 Transitional//EN" "http://www.w3.org/TR/html4/loose.dtd">
<html>
<head>
<title>Selenium Logs</title>
<style type="text/css">
<!--
body, table {font-family: arial,sans-serif; font-size: x-small;}
th {background: #336699; color: #FFFFFF; text-align: left;}
-->
</style>
</head>
<body bgcolor="#FFFFFF" topmargin="6" leftmargin="6">
<hr size="1" noshade>
Log session start time Fri Feb 15 10:58:08 EST 2019<br>
<br>
<table cellspacing="0" cellpadding="4" border="1" bordercolor="#224466" width="100%">
<tr>
<th>Time</th>
<th>Thread</th>
<th>Level</th>
<th>Category</th>
<th>File:Line</th>
<th>Message</th>
</tr>

<tr>
<td>0</td>
<td title="main thread">main</td>
<td title="Level">INFO</td>
<td title="com.ParkingLibrary.GlobalSeleniumLibrary category">com.ParkingLibrary.GlobalSeleniumLibrary</td>
<td>GlobalSeleniumLibrary.java:408</td>
<td title="Message">folders created...</td>
</tr>

<tr>
<td>390</td>
<td title="main thread">main</td>
<td title="Level">INFO</td>
<td title="com.ParkingLibrary.GlobalSeleniumLibrary category">com.ParkingLibrary.GlobalSeleniumLibrary</td>
<td>GlobalSeleniumLibrary.java:398</td>
<td title="Message">Screenshot Captured: target/screenshots/dataDrivenTest2019_02_15_10_58_16_088.png</td>
</tr>

<tr>
<td>9694</td>
<td title="main thread">main</td>
<td title="Level">INFO</td>
<td title="com.ParkingLibrary.GlobalSeleniumLibrary category">com.ParkingLibrary.GlobalSeleniumLibrary</td>
<td>GlobalSeleniumLibrary.java:398</td>
<td title="Message">Screenshot Captured: target/screenshots/dataDrivenTest2019_02_15_10_58_25_42.png</td>
</tr>

<tr>
<td>18505</td>
<td title="main thread">main</td>
<td title="Level">INFO</td>
<td title="com.ParkingLibrary.GlobalSeleniumLibrary category">com.ParkingLibrary.GlobalSeleniumLibrary</td>
<td>GlobalSeleniumLibrary.java:398</td>
<td title="Message">Screenshot Captured: target/screenshots/dataDrivenTest2019_02_15_10_58_34_266.png</td>
</tr>

<tr>
<td>27477</td>
<td title="main thread">main</td>
<td title="Level">INFO</td>
<td title="com.ParkingLibrary.GlobalSeleniumLibrary category">com.ParkingLibrary.GlobalSeleniumLibrary</td>
<td>GlobalSeleniumLibrary.java:398</td>
<td title="Message">Screenshot Captured: target/screenshots/dataDrivenTest2019_02_15_10_58_43_213.png</td>
</tr>

<tr>
<td>35976</td>
<td title="main thread">main</td>
<td title="Level">INFO</td>
<td title="com.ParkingLibrary.GlobalSeleniumLibrary category">com.ParkingLibrary.GlobalSeleniumLibrary</td>
<td>GlobalSeleniumLibrary.java:398</td>
<td title="Message">Screenshot Captured: target/screenshots/dataDrivenTest2019_02_15_10_58_51_714.png</td>
</tr>
<!DOCTYPE HTML PUBLIC "-//W3C//DTD HTML 4.01 Transitional//EN" "http://www.w3.org/TR/html4/loose.dtd">
<html>
<head>
<title>Selenium Logs</title>
<style type="text/css">
<!--
body, table {font-family: arial,sans-serif; font-size: x-small;}
th {background: #336699; color: #FFFFFF; text-align: left;}
-->
</style>
</head>
<body bgcolor="#FFFFFF" topmargin="6" leftmargin="6">
<hr size="1" noshade>
Log session start time Fri Feb 15 11:30:30 EST 2019<br>
<br>
<table cellspacing="0" cellpadding="4" border="1" bordercolor="#224466" width="100%">
<tr>
<th>Time</th>
<th>Thread</th>
<th>Level</th>
<th>Category</th>
<th>File:Line</th>
<th>Message</th>
</tr>

<tr>
<td>0</td>
<td title="main thread">main</td>
<td title="Level">INFO</td>
<td title="com.ParkingLibrary.GlobalSeleniumLibrary category">com.ParkingLibrary.GlobalSeleniumLibrary</td>
<td>GlobalSeleniumLibrary.java:398</td>
<td title="Message">Screenshot Captured: target/screenshots/dataDrivenTest2019_02_15_11_30_36_508.png</td>
</tr>

<tr>
<td>9830</td>
<td title="main thread">main</td>
<td title="Level">INFO</td>
<td title="com.ParkingLibrary.GlobalSeleniumLibrary category">com.ParkingLibrary.GlobalSeleniumLibrary</td>
<td>GlobalSeleniumLibrary.java:398</td>
<td title="Message">Screenshot Captured: target/screenshots/dataDrivenTest2019_02_15_11_30_46_354.png</td>
</tr>

<tr>
<td>18575</td>
<td title="main thread">main</td>
<td title="Level">INFO</td>
<td title="com.ParkingLibrary.GlobalSeleniumLibrary category">com.ParkingLibrary.GlobalSeleniumLibrary</td>
<td>GlobalSeleniumLibrary.java:398</td>
<td title="Message">Screenshot Captured: target/screenshots/dataDrivenTest2019_02_15_11_30_55_147.png</td>
</tr>

<tr>
<td>27203</td>
<td title="main thread">main</td>
<td title="Level">INFO</td>
<td title="com.ParkingLibrary.GlobalSeleniumLibrary category">com.ParkingLibrary.GlobalSeleniumLibrary</td>
<td>GlobalSeleniumLibrary.java:398</td>
<td title="Message">Screenshot Captured: target/screenshots/dataDrivenTest2019_02_15_11_31_03_753.png</td>
</tr>

<tr>
<td>35869</td>
<td title="main thread">main</td>
<td title="Level">INFO</td>
<td title="com.ParkingLibrary.GlobalSeleniumLibrary category">com.ParkingLibrary.GlobalSeleniumLibrary</td>
<td>GlobalSeleniumLibrary.java:398</td>
<td title="Message">Screenshot Captured: target/screenshots/dataDrivenTest2019_02_15_11_31_12_444.png</td>
</tr>
<!DOCTYPE HTML PUBLIC "-//W3C//DTD HTML 4.01 Transitional//EN" "http://www.w3.org/TR/html4/loose.dtd">
<html>
<head>
<title>Selenium Logs</title>
<style type="text/css">
<!--
body, table {font-family: arial,sans-serif; font-size: x-small;}
th {background: #336699; color: #FFFFFF; text-align: left;}
-->
</style>
</head>
<body bgcolor="#FFFFFF" topmargin="6" leftmargin="6">
<hr size="1" noshade>
Log session start time Fri Feb 15 11:38:34 EST 2019<br>
<br>
<table cellspacing="0" cellpadding="4" border="1" bordercolor="#224466" width="100%">
<tr>
<th>Time</th>
<th>Thread</th>
<th>Level</th>
<th>Category</th>
<th>File:Line</th>
<th>Message</th>
</tr>

<tr>
<td>0</td>
<td title="main thread">main</td>
<td title="Level">INFO</td>
<td title="com.ParkingLibrary.GlobalSeleniumLibrary category">com.ParkingLibrary.GlobalSeleniumLibrary</td>
<td>GlobalSeleniumLibrary.java:398</td>
<td title="Message">Screenshot Captured: target/screenshots/dataDrivenTest2019_02_15_11_38_41_412.png</td>
</tr>

<tr>
<td>9802</td>
<td title="main thread">main</td>
<td title="Level">INFO</td>
<td title="com.ParkingLibrary.GlobalSeleniumLibrary category">com.ParkingLibrary.GlobalSeleniumLibrary</td>
<td>GlobalSeleniumLibrary.java:398</td>
<td title="Message">Screenshot Captured: target/screenshots/dataDrivenTest2019_02_15_11_38_51_289.png</td>
</tr>

<tr>
<td>19565</td>
<td title="main thread">main</td>
<td title="Level">INFO</td>
<td title="com.ParkingLibrary.GlobalSeleniumLibrary category">com.ParkingLibrary.GlobalSeleniumLibrary</td>
<td>GlobalSeleniumLibrary.java:398</td>
<td title="Message">Screenshot Captured: target/screenshots/dataDrivenTest2019_02_15_11_39_01_022.png</td>
</tr>

<tr>
<td>28815</td>
<td title="main thread">main</td>
<td title="Level">INFO</td>
<td title="com.ParkingLibrary.GlobalSeleniumLibrary category">com.ParkingLibrary.GlobalSeleniumLibrary</td>
<td>GlobalSeleniumLibrary.java:398</td>
<td title="Message">Screenshot Captured: target/screenshots/dataDrivenTest2019_02_15_11_39_10_324.png</td>
</tr>

<tr>
<td>38257</td>
<td title="main thread">main</td>
<td title="Level">INFO</td>
<td title="com.ParkingLibrary.GlobalSeleniumLibrary category">com.ParkingLibrary.GlobalSeleniumLibrary</td>
<td>GlobalSeleniumLibrary.java:398</td>
<td title="Message">Screenshot Captured: target/screenshots/dataDrivenTest2019_02_15_11_39_19_748.png</td>
</tr>
<!DOCTYPE HTML PUBLIC "-//W3C//DTD HTML 4.01 Transitional//EN" "http://www.w3.org/TR/html4/loose.dtd">
<html>
<head>
<title>Selenium Logs</title>
<style type="text/css">
<!--
body, table {font-family: arial,sans-serif; font-size: x-small;}
th {background: #336699; color: #FFFFFF; text-align: left;}
-->
</style>
</head>
<body bgcolor="#FFFFFF" topmargin="6" leftmargin="6">
<hr size="1" noshade>
Log session start time Fri Feb 15 11:42:35 EST 2019<br>
<br>
<table cellspacing="0" cellpadding="4" border="1" bordercolor="#224466" width="100%">
<tr>
<th>Time</th>
<th>Thread</th>
<th>Level</th>
<th>Category</th>
<th>File:Line</th>
<th>Message</th>
</tr>

<tr>
<td>0</td>
<td title="main thread">main</td>
<td title="Level">INFO</td>
<td title="com.ParkingLibrary.GlobalSeleniumLibrary category">com.ParkingLibrary.GlobalSeleniumLibrary</td>
<td>GlobalSeleniumLibrary.java:398</td>
<td title="Message">Screenshot Captured: target/screenshots/dataDrivenTest2019_02_15_11_42_42_276.png</td>
</tr>

<tr>
<td>9727</td>
<td title="main thread">main</td>
<td title="Level">INFO</td>
<td title="com.ParkingLibrary.GlobalSeleniumLibrary category">com.ParkingLibrary.GlobalSeleniumLibrary</td>
<td>GlobalSeleniumLibrary.java:398</td>
<td title="Message">Screenshot Captured: target/screenshots/dataDrivenTest2019_02_15_11_42_52_013.png</td>
</tr>

<tr>
<td>18834</td>
<td title="main thread">main</td>
<td title="Level">INFO</td>
<td title="com.ParkingLibrary.GlobalSeleniumLibrary category">com.ParkingLibrary.GlobalSeleniumLibrary</td>
<td>GlobalSeleniumLibrary.java:398</td>
<td title="Message">Screenshot Captured: target/screenshots/dataDrivenTest2019_02_15_11_43_01_153.png</td>
</tr>

<tr>
<td>27525</td>
<td title="main thread">main</td>
<td title="Level">INFO</td>
<td title="com.ParkingLibrary.GlobalSeleniumLibrary category">com.ParkingLibrary.GlobalSeleniumLibrary</td>
<td>GlobalSeleniumLibrary.java:398</td>
<td title="Message">Screenshot Captured: target/screenshots/dataDrivenTest2019_02_15_11_43_09_847.png</td>
</tr>

<tr>
<td>36960</td>
<td title="main thread">main</td>
<td title="Level">INFO</td>
<td title="com.ParkingLibrary.GlobalSeleniumLibrary category">com.ParkingLibrary.GlobalSeleniumLibrary</td>
<td>GlobalSeleniumLibrary.java:398</td>
<td title="Message">Screenshot Captured: target/screenshots/dataDrivenTest2019_02_15_11_43_19_294.png</td>
</tr>
<!DOCTYPE HTML PUBLIC "-//W3C//DTD HTML 4.01 Transitional//EN" "http://www.w3.org/TR/html4/loose.dtd">
<html>
<head>
<title>Selenium Logs</title>
<style type="text/css">
<!--
body, table {font-family: arial,sans-serif; font-size: x-small;}
th {background: #336699; color: #FFFFFF; text-align: left;}
-->
</style>
</head>
<body bgcolor="#FFFFFF" topmargin="6" leftmargin="6">
<hr size="1" noshade>
Log session start time Fri Feb 15 11:48:38 EST 2019<br>
<br>
<table cellspacing="0" cellpadding="4" border="1" bordercolor="#224466" width="100%">
<tr>
<th>Time</th>
<th>Thread</th>
<th>Level</th>
<th>Category</th>
<th>File:Line</th>
<th>Message</th>
</tr>

<tr>
<td>0</td>
<td title="main thread">main</td>
<td title="Level">INFO</td>
<td title="com.ParkingLibrary.GlobalSeleniumLibrary category">com.ParkingLibrary.GlobalSeleniumLibrary</td>
<td>GlobalSeleniumLibrary.java:398</td>
<td title="Message">Screenshot Captured: target/screenshots/dataDrivenTest2019_02_15_11_48_45_353.png</td>
</tr>

<tr>
<td>8640</td>
<td title="main thread">main</td>
<td title="Level">INFO</td>
<td title="com.ParkingLibrary.GlobalSeleniumLibrary category">com.ParkingLibrary.GlobalSeleniumLibrary</td>
<td>GlobalSeleniumLibrary.java:398</td>
<td title="Message">Screenshot Captured: target/screenshots/dataDrivenTest2019_02_15_11_48_54_034.png</td>
</tr>

<tr>
<td>17185</td>
<td title="main thread">main</td>
<td title="Level">INFO</td>
<td title="com.ParkingLibrary.GlobalSeleniumLibrary category">com.ParkingLibrary.GlobalSeleniumLibrary</td>
<td>GlobalSeleniumLibrary.java:398</td>
<td title="Message">Screenshot Captured: target/screenshots/dataDrivenTest2019_02_15_11_49_02_578.png</td>
</tr>

<tr>
<td>25666</td>
<td title="main thread">main</td>
<td title="Level">INFO</td>
<td title="com.ParkingLibrary.GlobalSeleniumLibrary category">com.ParkingLibrary.GlobalSeleniumLibrary</td>
<td>GlobalSeleniumLibrary.java:398</td>
<td title="Message">Screenshot Captured: target/screenshots/dataDrivenTest2019_02_15_11_49_11_059.png</td>
</tr>

<tr>
<td>34409</td>
<td title="main thread">main</td>
<td title="Level">INFO</td>
<td title="com.ParkingLibrary.GlobalSeleniumLibrary category">com.ParkingLibrary.GlobalSeleniumLibrary</td>
<td>GlobalSeleniumLibrary.java:398</td>
<td title="Message">Screenshot Captured: target/screenshots/dataDrivenTest2019_02_15_11_49_19_799.png</td>
</tr>
<!DOCTYPE HTML PUBLIC "-//W3C//DTD HTML 4.01 Transitional//EN" "http://www.w3.org/TR/html4/loose.dtd">
<html>
<head>
<title>Selenium Logs</title>
<style type="text/css">
<!--
body, table {font-family: arial,sans-serif; font-size: x-small;}
th {background: #336699; color: #FFFFFF; text-align: left;}
-->
</style>
</head>
<body bgcolor="#FFFFFF" topmargin="6" leftmargin="6">
<hr size="1" noshade>
Log session start time Fri Feb 15 11:53:00 EST 2019<br>
<br>
<table cellspacing="0" cellpadding="4" border="1" bordercolor="#224466" width="100%">
<tr>
<th>Time</th>
<th>Thread</th>
<th>Level</th>
<th>Category</th>
<th>File:Line</th>
<th>Message</th>
</tr>

<tr>
<td>0</td>
<td title="main thread">main</td>
<td title="Level">INFO</td>
<td title="com.ParkingLibrary.GlobalSeleniumLibrary category">com.ParkingLibrary.GlobalSeleniumLibrary</td>
<td>GlobalSeleniumLibrary.java:398</td>
<td title="Message">Screenshot Captured: target/screenshots/dataDrivenTest2019_02_15_11_53_07_04.png</td>
</tr>

<tr>
<td>9049</td>
<td title="main thread">main</td>
<td title="Level">INFO</td>
<td title="com.ParkingLibrary.GlobalSeleniumLibrary category">com.ParkingLibrary.GlobalSeleniumLibrary</td>
<td>GlobalSeleniumLibrary.java:398</td>
<td title="Message">Screenshot Captured: target/screenshots/dataDrivenTest2019_02_15_11_53_16_054.png</td>
</tr>

<tr>
<td>17686</td>
<td title="main thread">main</td>
<td title="Level">INFO</td>
<td title="com.ParkingLibrary.GlobalSeleniumLibrary category">com.ParkingLibrary.GlobalSeleniumLibrary</td>
<td>GlobalSeleniumLibrary.java:398</td>
<td title="Message">Screenshot Captured: target/screenshots/dataDrivenTest2019_02_15_11_53_24_76.png</td>
</tr>

<tr>
<td>26306</td>
<td title="main thread">main</td>
<td title="Level">INFO</td>
<td title="com.ParkingLibrary.GlobalSeleniumLibrary category">com.ParkingLibrary.GlobalSeleniumLibrary</td>
<td>GlobalSeleniumLibrary.java:398</td>
<td title="Message">Screenshot Captured: target/screenshots/dataDrivenTest2019_02_15_11_53_33_385.png</td>
</tr>

<tr>
<td>34968</td>
<td title="main thread">main</td>
<td title="Level">INFO</td>
<td title="com.ParkingLibrary.GlobalSeleniumLibrary category">com.ParkingLibrary.GlobalSeleniumLibrary</td>
<td>GlobalSeleniumLibrary.java:398</td>
<td title="Message">Screenshot Captured: target/screenshots/dataDrivenTest2019_02_15_11_53_42_026.png</td>
</tr>
<!DOCTYPE HTML PUBLIC "-//W3C//DTD HTML 4.01 Transitional//EN" "http://www.w3.org/TR/html4/loose.dtd">
<html>
<head>
<title>Selenium Logs</title>
<style type="text/css">
<!--
body, table {font-family: arial,sans-serif; font-size: x-small;}
th {background: #336699; color: #FFFFFF; text-align: left;}
-->
</style>
</head>
<body bgcolor="#FFFFFF" topmargin="6" leftmargin="6">
<hr size="1" noshade>
Log session start time Fri Feb 15 11:59:24 EST 2019<br>
<br>
<table cellspacing="0" cellpadding="4" border="1" bordercolor="#224466" width="100%">
<tr>
<th>Time</th>
<th>Thread</th>
<th>Level</th>
<th>Category</th>
<th>File:Line</th>
<th>Message</th>
</tr>

<tr>
<td>0</td>
<td title="main thread">main</td>
<td title="Level">INFO</td>
<td title="com.ParkingLibrary.GlobalSeleniumLibrary category">com.ParkingLibrary.GlobalSeleniumLibrary</td>
<td>GlobalSeleniumLibrary.java:398</td>
<td title="Message">Screenshot Captured: target/screenshots/dataDrivenTest2019_02_15_11_59_31_108.png</td>
</tr>

<tr>
<td>9369</td>
<td title="main thread">main</td>
<td title="Level">INFO</td>
<td title="com.ParkingLibrary.GlobalSeleniumLibrary category">com.ParkingLibrary.GlobalSeleniumLibrary</td>
<td>GlobalSeleniumLibrary.java:398</td>
<td title="Message">Screenshot Captured: target/screenshots/dataDrivenTest2019_02_15_11_59_40_544.png</td>
</tr>

<tr>
<td>18056</td>
<td title="main thread">main</td>
<td title="Level">INFO</td>
<td title="com.ParkingLibrary.GlobalSeleniumLibrary category">com.ParkingLibrary.GlobalSeleniumLibrary</td>
<td>GlobalSeleniumLibrary.java:398</td>
<td title="Message">Screenshot Captured: target/screenshots/dataDrivenTest2019_02_15_11_59_49_193.png</td>
</tr>

<tr>
<td>26504</td>
<td title="main thread">main</td>
<td title="Level">INFO</td>
<td title="com.ParkingLibrary.GlobalSeleniumLibrary category">com.ParkingLibrary.GlobalSeleniumLibrary</td>
<td>GlobalSeleniumLibrary.java:398</td>
<td title="Message">Screenshot Captured: target/screenshots/dataDrivenTest2019_02_15_11_59_57_628.png</td>
</tr>

<tr>
<td>35122</td>
<td title="main thread">main</td>
<td title="Level">INFO</td>
<td title="com.ParkingLibrary.GlobalSeleniumLibrary category">com.ParkingLibrary.GlobalSeleniumLibrary</td>
<td>GlobalSeleniumLibrary.java:398</td>
<td title="Message">Screenshot Captured: target/screenshots/dataDrivenTest2019_02_15_12_00_06_255.png</td>
</tr>
<!DOCTYPE HTML PUBLIC "-//W3C//DTD HTML 4.01 Transitional//EN" "http://www.w3.org/TR/html4/loose.dtd">
<html>
<head>
<title>Selenium Logs</title>
<style type="text/css">
<!--
body, table {font-family: arial,sans-serif; font-size: x-small;}
th {background: #336699; color: #FFFFFF; text-align: left;}
-->
</style>
</head>
<body bgcolor="#FFFFFF" topmargin="6" leftmargin="6">
<hr size="1" noshade>
Log session start time Fri Feb 15 12:02:23 EST 2019<br>
<br>
<table cellspacing="0" cellpadding="4" border="1" bordercolor="#224466" width="100%">
<tr>
<th>Time</th>
<th>Thread</th>
<th>Level</th>
<th>Category</th>
<th>File:Line</th>
<th>Message</th>
</tr>

<tr>
<td>0</td>
<td title="main thread">main</td>
<td title="Level">INFO</td>
<td title="com.ParkingLibrary.GlobalSeleniumLibrary category">com.ParkingLibrary.GlobalSeleniumLibrary</td>
<td>GlobalSeleniumLibrary.java:398</td>
<td title="Message">Screenshot Captured: target/screenshots/dataDrivenTest2019_02_15_12_02_29_921.png</td>
</tr>

<tr>
<td>8878</td>
<td title="main thread">main</td>
<td title="Level">INFO</td>
<td title="com.ParkingLibrary.GlobalSeleniumLibrary category">com.ParkingLibrary.GlobalSeleniumLibrary</td>
<td>GlobalSeleniumLibrary.java:398</td>
<td title="Message">Screenshot Captured: target/screenshots/dataDrivenTest2019_02_15_12_02_38_837.png</td>
</tr>

<tr>
<td>17367</td>
<td title="main thread">main</td>
<td title="Level">INFO</td>
<td title="com.ParkingLibrary.GlobalSeleniumLibrary category">com.ParkingLibrary.GlobalSeleniumLibrary</td>
<td>GlobalSeleniumLibrary.java:398</td>
<td title="Message">Screenshot Captured: target/screenshots/dataDrivenTest2019_02_15_12_02_47_342.png</td>
</tr>

<tr>
<td>27595</td>
<td title="main thread">main</td>
<td title="Level">INFO</td>
<td title="com.ParkingLibrary.GlobalSeleniumLibrary category">com.ParkingLibrary.GlobalSeleniumLibrary</td>
<td>GlobalSeleniumLibrary.java:398</td>
<td title="Message">Screenshot Captured: target/screenshots/dataDrivenTest2019_02_15_12_02_57_541.png</td>
</tr>

<tr>
<td>36723</td>
<td title="main thread">main</td>
<td title="Level">INFO</td>
<td title="com.ParkingLibrary.GlobalSeleniumLibrary category">com.ParkingLibrary.GlobalSeleniumLibrary</td>
<td>GlobalSeleniumLibrary.java:398</td>
<td title="Message">Screenshot Captured: target/screenshots/dataDrivenTest2019_02_15_12_03_06_538.png</td>
</tr>

<tr>
<td>74378</td>
<td title="main thread">main</td>
<td title="Level"><font color="#993300"><strong>ERROR</strong></font></td>
<td title="com.ParkingLibrary.GlobalSeleniumLibrary category">com.ParkingLibrary.GlobalSeleniumLibrary</td>
<td>GlobalSeleniumLibrary.java:504</td>
<td title="Message">Error</td>
</tr>
<tr><td bgcolor="#993300" style="color:White; font-size : xx-small;" colspan="6">org.openqa.selenium.NoSuchElementException: Cannot locate element with text: 
<br>&nbsp;&nbsp;&nbsp;&nbsp;For documentation on this error, please visit: http://seleniumhq.org/exceptions/no_such_element.html
<br>&nbsp;&nbsp;&nbsp;&nbsp;Build info: version: '3.4.0', revision: 'unknown', time: 'unknown'
<br>&nbsp;&nbsp;&nbsp;&nbsp;System info: host: 'DESKTOP-GQF8HD8', ip: '192.168.10.1', os.name: 'Windows 10', os.arch: 'amd64', os.version: '10.0', java.version: '9.0.4'
<br>&nbsp;&nbsp;&nbsp;&nbsp;Driver info: driver.version: unknown
<br>&nbsp;&nbsp;&nbsp;&nbsp;	at org.openqa.selenium.support.ui.Select.selectByVisibleText(Select.java:151)
<br>&nbsp;&nbsp;&nbsp;&nbsp;	at com.ParkingLibrary.GlobalSeleniumLibrary.selectDropDownVisibleText(GlobalSeleniumLibrary.java:500)
<br>&nbsp;&nbsp;&nbsp;&nbsp;	at com.Parking_pages.Parking_Calculator.dataDrivenTest(Parking_Calculator.java:47)
<br>&nbsp;&nbsp;&nbsp;&nbsp;	at java.base/jdk.internal.reflect.NativeMethodAccessorImpl.invoke0(Native Method)
<br>&nbsp;&nbsp;&nbsp;&nbsp;	at java.base/jdk.internal.reflect.NativeMethodAccessorImpl.invoke(NativeMethodAccessorImpl.java:62)
<br>&nbsp;&nbsp;&nbsp;&nbsp;	at java.base/jdk.internal.reflect.DelegatingMethodAccessorImpl.invoke(DelegatingMethodAccessorImpl.java:43)
<br>&nbsp;&nbsp;&nbsp;&nbsp;	at java.base/java.lang.reflect.Method.invoke(Method.java:564)
<br>&nbsp;&nbsp;&nbsp;&nbsp;	at org.testng.internal.MethodInvocationHelper.invokeMethod(MethodInvocationHelper.java:108)
<br>&nbsp;&nbsp;&nbsp;&nbsp;	at org.testng.internal.Invoker.invokeMethod(Invoker.java:661)
<br>&nbsp;&nbsp;&nbsp;&nbsp;	at org.testng.internal.Invoker.invokeTestMethod(Invoker.java:869)
<br>&nbsp;&nbsp;&nbsp;&nbsp;	at org.testng.internal.Invoker.invokeTestMethods(Invoker.java:1193)
<br>&nbsp;&nbsp;&nbsp;&nbsp;	at org.testng.internal.TestMethodWorker.invokeTestMethods(TestMethodWorker.java:126)
<br>&nbsp;&nbsp;&nbsp;&nbsp;	at org.testng.internal.TestMethodWorker.run(TestMethodWorker.java:109)
<br>&nbsp;&nbsp;&nbsp;&nbsp;	at org.testng.TestRunner.privateRun(TestRunner.java:744)
<br>&nbsp;&nbsp;&nbsp;&nbsp;	at org.testng.TestRunner.run(TestRunner.java:602)
<br>&nbsp;&nbsp;&nbsp;&nbsp;	at org.testng.SuiteRunner.runTest(SuiteRunner.java:380)
<br>&nbsp;&nbsp;&nbsp;&nbsp;	at org.testng.SuiteRunner.runSequentially(SuiteRunner.java:375)
<br>&nbsp;&nbsp;&nbsp;&nbsp;	at org.testng.SuiteRunner.privateRun(SuiteRunner.java:340)
<br>&nbsp;&nbsp;&nbsp;&nbsp;	at org.testng.SuiteRunner.run(SuiteRunner.java:289)
<br>&nbsp;&nbsp;&nbsp;&nbsp;	at org.testng.SuiteRunnerWorker.runSuite(SuiteRunnerWorker.java:52)
<br>&nbsp;&nbsp;&nbsp;&nbsp;	at org.testng.SuiteRunnerWorker.run(SuiteRunnerWorker.java:86)
<br>&nbsp;&nbsp;&nbsp;&nbsp;	at org.testng.TestNG.runSuitesSequentially(TestNG.java:1301)
<br>&nbsp;&nbsp;&nbsp;&nbsp;	at org.testng.TestNG.runSuitesLocally(TestNG.java:1226)
<br>&nbsp;&nbsp;&nbsp;&nbsp;	at org.testng.TestNG.runSuites(TestNG.java:1144)
<br>&nbsp;&nbsp;&nbsp;&nbsp;	at org.testng.TestNG.run(TestNG.java:1115)
<br>&nbsp;&nbsp;&nbsp;&nbsp;	at org.testng.remote.AbstractRemoteTestNG.run(AbstractRemoteTestNG.java:114)
<br>&nbsp;&nbsp;&nbsp;&nbsp;	at org.testng.remote.RemoteTestNG.initAndRun(RemoteTestNG.java:251)
<br>&nbsp;&nbsp;&nbsp;&nbsp;	at org.testng.remote.RemoteTestNG.main(RemoteTestNG.java:77)
</td></tr>

<tr>
<td>74741</td>
<td title="main thread">main</td>
<td title="Level">INFO</td>
<td title="com.ParkingLibrary.GlobalSeleniumLibrary category">com.ParkingLibrary.GlobalSeleniumLibrary</td>
<td>GlobalSeleniumLibrary.java:398</td>
<td title="Message">Screenshot Captured: target/screenshots/dataDrivenTest2019_02_15_12_03_44_72.png</td>
</tr>
<!DOCTYPE HTML PUBLIC "-//W3C//DTD HTML 4.01 Transitional//EN" "http://www.w3.org/TR/html4/loose.dtd">
<html>
<head>
<title>Selenium Logs</title>
<style type="text/css">
<!--
body, table {font-family: arial,sans-serif; font-size: x-small;}
th {background: #336699; color: #FFFFFF; text-align: left;}
-->
</style>
</head>
<body bgcolor="#FFFFFF" topmargin="6" leftmargin="6">
<hr size="1" noshade>
Log session start time Fri Feb 15 12:04:54 EST 2019<br>
<br>
<table cellspacing="0" cellpadding="4" border="1" bordercolor="#224466" width="100%">
<tr>
<th>Time</th>
<th>Thread</th>
<th>Level</th>
<th>Category</th>
<th>File:Line</th>
<th>Message</th>
</tr>

<tr>
<td>0</td>
<td title="main thread">main</td>
<td title="Level">INFO</td>
<td title="com.ParkingLibrary.GlobalSeleniumLibrary category">com.ParkingLibrary.GlobalSeleniumLibrary</td>
<td>GlobalSeleniumLibrary.java:398</td>
<td title="Message">Screenshot Captured: target/screenshots/dataDrivenTest2019_02_15_12_05_01_511.png</td>
</tr>

<tr>
<td>8870</td>
<td title="main thread">main</td>
<td title="Level">INFO</td>
<td title="com.ParkingLibrary.GlobalSeleniumLibrary category">com.ParkingLibrary.GlobalSeleniumLibrary</td>
<td>GlobalSeleniumLibrary.java:398</td>
<td title="Message">Screenshot Captured: target/screenshots/dataDrivenTest2019_02_15_12_05_10_351.png</td>
</tr>

<tr>
<td>17273</td>
<td title="main thread">main</td>
<td title="Level">INFO</td>
<td title="com.ParkingLibrary.GlobalSeleniumLibrary category">com.ParkingLibrary.GlobalSeleniumLibrary</td>
<td>GlobalSeleniumLibrary.java:398</td>
<td title="Message">Screenshot Captured: target/screenshots/dataDrivenTest2019_02_15_12_05_18_762.png</td>
</tr>

<tr>
<td>26033</td>
<td title="main thread">main</td>
<td title="Level">INFO</td>
<td title="com.ParkingLibrary.GlobalSeleniumLibrary category">com.ParkingLibrary.GlobalSeleniumLibrary</td>
<td>GlobalSeleniumLibrary.java:398</td>
<td title="Message">Screenshot Captured: target/screenshots/dataDrivenTest2019_02_15_12_05_27_531.png</td>
</tr>

<tr>
<td>34653</td>
<td title="main thread">main</td>
<td title="Level">INFO</td>
<td title="com.ParkingLibrary.GlobalSeleniumLibrary category">com.ParkingLibrary.GlobalSeleniumLibrary</td>
<td>GlobalSeleniumLibrary.java:398</td>
<td title="Message">Screenshot Captured: target/screenshots/dataDrivenTest2019_02_15_12_05_36_153.png</td>
</tr>

<tr>
<td>71870</td>
<td title="main thread">main</td>
<td title="Level"><font color="#993300"><strong>ERROR</strong></font></td>
<td title="com.ParkingLibrary.GlobalSeleniumLibrary category">com.ParkingLibrary.GlobalSeleniumLibrary</td>
<td>GlobalSeleniumLibrary.java:504</td>
<td title="Message">Error</td>
</tr>
<tr><td bgcolor="#993300" style="color:White; font-size : xx-small;" colspan="6">org.openqa.selenium.NoSuchElementException: Cannot locate element with text: 
<br>&nbsp;&nbsp;&nbsp;&nbsp;For documentation on this error, please visit: http://seleniumhq.org/exceptions/no_such_element.html
<br>&nbsp;&nbsp;&nbsp;&nbsp;Build info: version: '3.4.0', revision: 'unknown', time: 'unknown'
<br>&nbsp;&nbsp;&nbsp;&nbsp;System info: host: 'DESKTOP-GQF8HD8', ip: '192.168.10.1', os.name: 'Windows 10', os.arch: 'amd64', os.version: '10.0', java.version: '9.0.4'
<br>&nbsp;&nbsp;&nbsp;&nbsp;Driver info: driver.version: unknown
<br>&nbsp;&nbsp;&nbsp;&nbsp;	at org.openqa.selenium.support.ui.Select.selectByVisibleText(Select.java:151)
<br>&nbsp;&nbsp;&nbsp;&nbsp;	at com.ParkingLibrary.GlobalSeleniumLibrary.selectDropDownVisibleText(GlobalSeleniumLibrary.java:500)
<br>&nbsp;&nbsp;&nbsp;&nbsp;	at com.Parking_pages.Parking_Calculator.dataDrivenTest(Parking_Calculator.java:47)
<br>&nbsp;&nbsp;&nbsp;&nbsp;	at java.base/jdk.internal.reflect.NativeMethodAccessorImpl.invoke0(Native Method)
<br>&nbsp;&nbsp;&nbsp;&nbsp;	at java.base/jdk.internal.reflect.NativeMethodAccessorImpl.invoke(NativeMethodAccessorImpl.java:62)
<br>&nbsp;&nbsp;&nbsp;&nbsp;	at java.base/jdk.internal.reflect.DelegatingMethodAccessorImpl.invoke(DelegatingMethodAccessorImpl.java:43)
<br>&nbsp;&nbsp;&nbsp;&nbsp;	at java.base/java.lang.reflect.Method.invoke(Method.java:564)
<br>&nbsp;&nbsp;&nbsp;&nbsp;	at org.testng.internal.MethodInvocationHelper.invokeMethod(MethodInvocationHelper.java:108)
<br>&nbsp;&nbsp;&nbsp;&nbsp;	at org.testng.internal.Invoker.invokeMethod(Invoker.java:661)
<br>&nbsp;&nbsp;&nbsp;&nbsp;	at org.testng.internal.Invoker.invokeTestMethod(Invoker.java:869)
<br>&nbsp;&nbsp;&nbsp;&nbsp;	at org.testng.internal.Invoker.invokeTestMethods(Invoker.java:1193)
<br>&nbsp;&nbsp;&nbsp;&nbsp;	at org.testng.internal.TestMethodWorker.invokeTestMethods(TestMethodWorker.java:126)
<br>&nbsp;&nbsp;&nbsp;&nbsp;	at org.testng.internal.TestMethodWorker.run(TestMethodWorker.java:109)
<br>&nbsp;&nbsp;&nbsp;&nbsp;	at org.testng.TestRunner.privateRun(TestRunner.java:744)
<br>&nbsp;&nbsp;&nbsp;&nbsp;	at org.testng.TestRunner.run(TestRunner.java:602)
<br>&nbsp;&nbsp;&nbsp;&nbsp;	at org.testng.SuiteRunner.runTest(SuiteRunner.java:380)
<br>&nbsp;&nbsp;&nbsp;&nbsp;	at org.testng.SuiteRunner.runSequentially(SuiteRunner.java:375)
<br>&nbsp;&nbsp;&nbsp;&nbsp;	at org.testng.SuiteRunner.privateRun(SuiteRunner.java:340)
<br>&nbsp;&nbsp;&nbsp;&nbsp;	at org.testng.SuiteRunner.run(SuiteRunner.java:289)
<br>&nbsp;&nbsp;&nbsp;&nbsp;	at org.testng.SuiteRunnerWorker.runSuite(SuiteRunnerWorker.java:52)
<br>&nbsp;&nbsp;&nbsp;&nbsp;	at org.testng.SuiteRunnerWorker.run(SuiteRunnerWorker.java:86)
<br>&nbsp;&nbsp;&nbsp;&nbsp;	at org.testng.TestNG.runSuitesSequentially(TestNG.java:1301)
<br>&nbsp;&nbsp;&nbsp;&nbsp;	at org.testng.TestNG.runSuitesLocally(TestNG.java:1226)
<br>&nbsp;&nbsp;&nbsp;&nbsp;	at org.testng.TestNG.runSuites(TestNG.java:1144)
<br>&nbsp;&nbsp;&nbsp;&nbsp;	at org.testng.TestNG.run(TestNG.java:1115)
<br>&nbsp;&nbsp;&nbsp;&nbsp;	at org.testng.remote.AbstractRemoteTestNG.run(AbstractRemoteTestNG.java:114)
<br>&nbsp;&nbsp;&nbsp;&nbsp;	at org.testng.remote.RemoteTestNG.initAndRun(RemoteTestNG.java:251)
<br>&nbsp;&nbsp;&nbsp;&nbsp;	at org.testng.remote.RemoteTestNG.main(RemoteTestNG.java:77)
</td></tr>

<tr>
<td>72242</td>
<td title="main thread">main</td>
<td title="Level">INFO</td>
<td title="com.ParkingLibrary.GlobalSeleniumLibrary category">com.ParkingLibrary.GlobalSeleniumLibrary</td>
<td>GlobalSeleniumLibrary.java:398</td>
<td title="Message">Screenshot Captured: target/screenshots/dataDrivenTest2019_02_15_12_06_13_743.png</td>
</tr>
<!DOCTYPE HTML PUBLIC "-//W3C//DTD HTML 4.01 Transitional//EN" "http://www.w3.org/TR/html4/loose.dtd">
<html>
<head>
<title>Selenium Logs</title>
<style type="text/css">
<!--
body, table {font-family: arial,sans-serif; font-size: x-small;}
th {background: #336699; color: #FFFFFF; text-align: left;}
-->
</style>
</head>
<body bgcolor="#FFFFFF" topmargin="6" leftmargin="6">
<hr size="1" noshade>
Log session start time Fri Feb 15 12:11:18 EST 2019<br>
<br>
<table cellspacing="0" cellpadding="4" border="1" bordercolor="#224466" width="100%">
<tr>
<th>Time</th>
<th>Thread</th>
<th>Level</th>
<th>Category</th>
<th>File:Line</th>
<th>Message</th>
</tr>

<tr>
<td>0</td>
<td title="main thread">main</td>
<td title="Level">INFO</td>
<td title="com.ParkingLibrary.GlobalSeleniumLibrary category">com.ParkingLibrary.GlobalSeleniumLibrary</td>
<td>GlobalSeleniumLibrary.java:398</td>
<td title="Message">Screenshot Captured: target/screenshots/dataDrivenTest2019_02_15_12_11_24_91.png</td>
</tr>

<tr>
<td>8869</td>
<td title="main thread">main</td>
<td title="Level">INFO</td>
<td title="com.ParkingLibrary.GlobalSeleniumLibrary category">com.ParkingLibrary.GlobalSeleniumLibrary</td>
<td>GlobalSeleniumLibrary.java:398</td>
<td title="Message">Screenshot Captured: target/screenshots/dataDrivenTest2019_02_15_12_11_33_793.png</td>
</tr>

<tr>
<td>17626</td>
<td title="main thread">main</td>
<td title="Level">INFO</td>
<td title="com.ParkingLibrary.GlobalSeleniumLibrary category">com.ParkingLibrary.GlobalSeleniumLibrary</td>
<td>GlobalSeleniumLibrary.java:398</td>
<td title="Message">Screenshot Captured: target/screenshots/dataDrivenTest2019_02_15_12_11_42_541.png</td>
</tr>

<tr>
<td>26416</td>
<td title="main thread">main</td>
<td title="Level">INFO</td>
<td title="com.ParkingLibrary.GlobalSeleniumLibrary category">com.ParkingLibrary.GlobalSeleniumLibrary</td>
<td>GlobalSeleniumLibrary.java:398</td>
<td title="Message">Screenshot Captured: target/screenshots/dataDrivenTest2019_02_15_12_11_51_37.png</td>
</tr>

<tr>
<td>34879</td>
<td title="main thread">main</td>
<td title="Level">INFO</td>
<td title="com.ParkingLibrary.GlobalSeleniumLibrary category">com.ParkingLibrary.GlobalSeleniumLibrary</td>
<td>GlobalSeleniumLibrary.java:398</td>
<td title="Message">Screenshot Captured: target/screenshots/dataDrivenTest2019_02_15_12_11_59_811.png</td>
</tr>

<tr>
<td>71908</td>
<td title="main thread">main</td>
<td title="Level"><font color="#993300"><strong>ERROR</strong></font></td>
<td title="com.ParkingLibrary.GlobalSeleniumLibrary category">com.ParkingLibrary.GlobalSeleniumLibrary</td>
<td>GlobalSeleniumLibrary.java:504</td>
<td title="Message">Error</td>
</tr>
<tr><td bgcolor="#993300" style="color:White; font-size : xx-small;" colspan="6">org.openqa.selenium.NoSuchElementException: Cannot locate element with text: 
<br>&nbsp;&nbsp;&nbsp;&nbsp;For documentation on this error, please visit: http://seleniumhq.org/exceptions/no_such_element.html
<br>&nbsp;&nbsp;&nbsp;&nbsp;Build info: version: '3.4.0', revision: 'unknown', time: 'unknown'
<br>&nbsp;&nbsp;&nbsp;&nbsp;System info: host: 'DESKTOP-GQF8HD8', ip: '192.168.10.1', os.name: 'Windows 10', os.arch: 'amd64', os.version: '10.0', java.version: '9.0.4'
<br>&nbsp;&nbsp;&nbsp;&nbsp;Driver info: driver.version: unknown
<br>&nbsp;&nbsp;&nbsp;&nbsp;	at org.openqa.selenium.support.ui.Select.selectByVisibleText(Select.java:151)
<br>&nbsp;&nbsp;&nbsp;&nbsp;	at com.ParkingLibrary.GlobalSeleniumLibrary.selectDropDownVisibleText(GlobalSeleniumLibrary.java:500)
<br>&nbsp;&nbsp;&nbsp;&nbsp;	at com.Parking_pages.Parking_Calculator.dataDrivenTest(Parking_Calculator.java:47)
<br>&nbsp;&nbsp;&nbsp;&nbsp;	at java.base/jdk.internal.reflect.NativeMethodAccessorImpl.invoke0(Native Method)
<br>&nbsp;&nbsp;&nbsp;&nbsp;	at java.base/jdk.internal.reflect.NativeMethodAccessorImpl.invoke(NativeMethodAccessorImpl.java:62)
<br>&nbsp;&nbsp;&nbsp;&nbsp;	at java.base/jdk.internal.reflect.DelegatingMethodAccessorImpl.invoke(DelegatingMethodAccessorImpl.java:43)
<br>&nbsp;&nbsp;&nbsp;&nbsp;	at java.base/java.lang.reflect.Method.invoke(Method.java:564)
<br>&nbsp;&nbsp;&nbsp;&nbsp;	at org.testng.internal.MethodInvocationHelper.invokeMethod(MethodInvocationHelper.java:108)
<br>&nbsp;&nbsp;&nbsp;&nbsp;	at org.testng.internal.Invoker.invokeMethod(Invoker.java:661)
<br>&nbsp;&nbsp;&nbsp;&nbsp;	at org.testng.internal.Invoker.invokeTestMethod(Invoker.java:869)
<br>&nbsp;&nbsp;&nbsp;&nbsp;	at org.testng.internal.Invoker.invokeTestMethods(Invoker.java:1193)
<br>&nbsp;&nbsp;&nbsp;&nbsp;	at org.testng.internal.TestMethodWorker.invokeTestMethods(TestMethodWorker.java:126)
<br>&nbsp;&nbsp;&nbsp;&nbsp;	at org.testng.internal.TestMethodWorker.run(TestMethodWorker.java:109)
<br>&nbsp;&nbsp;&nbsp;&nbsp;	at org.testng.TestRunner.privateRun(TestRunner.java:744)
<br>&nbsp;&nbsp;&nbsp;&nbsp;	at org.testng.TestRunner.run(TestRunner.java:602)
<br>&nbsp;&nbsp;&nbsp;&nbsp;	at org.testng.SuiteRunner.runTest(SuiteRunner.java:380)
<br>&nbsp;&nbsp;&nbsp;&nbsp;	at org.testng.SuiteRunner.runSequentially(SuiteRunner.java:375)
<br>&nbsp;&nbsp;&nbsp;&nbsp;	at org.testng.SuiteRunner.privateRun(SuiteRunner.java:340)
<br>&nbsp;&nbsp;&nbsp;&nbsp;	at org.testng.SuiteRunner.run(SuiteRunner.java:289)
<br>&nbsp;&nbsp;&nbsp;&nbsp;	at org.testng.SuiteRunnerWorker.runSuite(SuiteRunnerWorker.java:52)
<br>&nbsp;&nbsp;&nbsp;&nbsp;	at org.testng.SuiteRunnerWorker.run(SuiteRunnerWorker.java:86)
<br>&nbsp;&nbsp;&nbsp;&nbsp;	at org.testng.TestNG.runSuitesSequentially(TestNG.java:1301)
<br>&nbsp;&nbsp;&nbsp;&nbsp;	at org.testng.TestNG.runSuitesLocally(TestNG.java:1226)
<br>&nbsp;&nbsp;&nbsp;&nbsp;	at org.testng.TestNG.runSuites(TestNG.java:1144)
<br>&nbsp;&nbsp;&nbsp;&nbsp;	at org.testng.TestNG.run(TestNG.java:1115)
<br>&nbsp;&nbsp;&nbsp;&nbsp;	at org.testng.remote.AbstractRemoteTestNG.run(AbstractRemoteTestNG.java:114)
<br>&nbsp;&nbsp;&nbsp;&nbsp;	at org.testng.remote.RemoteTestNG.initAndRun(RemoteTestNG.java:251)
<br>&nbsp;&nbsp;&nbsp;&nbsp;	at org.testng.remote.RemoteTestNG.main(RemoteTestNG.java:77)
</td></tr>

<tr>
<td>72472</td>
<td title="main thread">main</td>
<td title="Level">INFO</td>
<td title="com.ParkingLibrary.GlobalSeleniumLibrary category">com.ParkingLibrary.GlobalSeleniumLibrary</td>
<td>GlobalSeleniumLibrary.java:398</td>
<td title="Message">Screenshot Captured: target/screenshots/dataDrivenTest2019_02_15_12_12_37_232.png</td>
</tr>
<!DOCTYPE HTML PUBLIC "-//W3C//DTD HTML 4.01 Transitional//EN" "http://www.w3.org/TR/html4/loose.dtd">
<html>
<head>
<title>Selenium Logs</title>
<style type="text/css">
<!--
body, table {font-family: arial,sans-serif; font-size: x-small;}
th {background: #336699; color: #FFFFFF; text-align: left;}
-->
</style>
</head>
<body bgcolor="#FFFFFF" topmargin="6" leftmargin="6">
<hr size="1" noshade>
Log session start time Fri Feb 15 12:20:39 EST 2019<br>
<br>
<table cellspacing="0" cellpadding="4" border="1" bordercolor="#224466" width="100%">
<tr>
<th>Time</th>
<th>Thread</th>
<th>Level</th>
<th>Category</th>
<th>File:Line</th>
<th>Message</th>
</tr>

<tr>
<td>1</td>
<td title="main thread">main</td>
<td title="Level">INFO</td>
<td title="com.ParkingLibrary.GlobalSeleniumLibrary category">com.ParkingLibrary.GlobalSeleniumLibrary</td>
<td>GlobalSeleniumLibrary.java:398</td>
<td title="Message">Screenshot Captured: target/screenshots/dataDrivenTest2019_02_15_12_20_45_613.png</td>
</tr>

<tr>
<td>8613</td>
<td title="main thread">main</td>
<td title="Level">INFO</td>
<td title="com.ParkingLibrary.GlobalSeleniumLibrary category">com.ParkingLibrary.GlobalSeleniumLibrary</td>
<td>GlobalSeleniumLibrary.java:398</td>
<td title="Message">Screenshot Captured: target/screenshots/dataDrivenTest2019_02_15_12_20_54_257.png</td>
</tr>

<tr>
<td>17109</td>
<td title="main thread">main</td>
<td title="Level">INFO</td>
<td title="com.ParkingLibrary.GlobalSeleniumLibrary category">com.ParkingLibrary.GlobalSeleniumLibrary</td>
<td>GlobalSeleniumLibrary.java:398</td>
<td title="Message">Screenshot Captured: target/screenshots/dataDrivenTest2019_02_15_12_21_02_757.png</td>
</tr>

<tr>
<td>25651</td>
<td title="main thread">main</td>
<td title="Level">INFO</td>
<td title="com.ParkingLibrary.GlobalSeleniumLibrary category">com.ParkingLibrary.GlobalSeleniumLibrary</td>
<td>GlobalSeleniumLibrary.java:398</td>
<td title="Message">Screenshot Captured: target/screenshots/dataDrivenTest2019_02_15_12_21_11_291.png</td>
</tr>

<tr>
<td>34328</td>
<td title="main thread">main</td>
<td title="Level">INFO</td>
<td title="com.ParkingLibrary.GlobalSeleniumLibrary category">com.ParkingLibrary.GlobalSeleniumLibrary</td>
<td>GlobalSeleniumLibrary.java:398</td>
<td title="Message">Screenshot Captured: target/screenshots/dataDrivenTest2019_02_15_12_21_19_95.png</td>
</tr>

<tr>
<td>62956</td>
<td title="main thread">main</td>
<td title="Level"><font color="#993300"><strong>ERROR</strong></font></td>
<td title="com.ParkingLibrary.GlobalSeleniumLibrary category">com.ParkingLibrary.GlobalSeleniumLibrary</td>
<td>GlobalSeleniumLibrary.java:504</td>
<td title="Message">Error</td>
</tr>
<tr><td bgcolor="#993300" style="color:White; font-size : xx-small;" colspan="6">org.openqa.selenium.WebDriverException: chrome not reachable
<br>&nbsp;&nbsp;&nbsp;&nbsp;  (Session info: chrome=72.0.3626.109)
<br>&nbsp;&nbsp;&nbsp;&nbsp;  (Driver info: chromedriver=2.45.615291 (ec3682e3c9061c10f26ea9e5cdcf3c53f3f74387),platform=Windows NT 10.0.17134 x86_64) (WARNING: The server did not provide any stacktrace information)
<br>&nbsp;&nbsp;&nbsp;&nbsp;Command duration or timeout: 6.02 seconds
<br>&nbsp;&nbsp;&nbsp;&nbsp;Build info: version: '3.4.0', revision: 'unknown', time: 'unknown'
<br>&nbsp;&nbsp;&nbsp;&nbsp;System info: host: 'DESKTOP-GQF8HD8', ip: '192.168.10.1', os.name: 'Windows 10', os.arch: 'amd64', os.version: '10.0', java.version: '9.0.4'
<br>&nbsp;&nbsp;&nbsp;&nbsp;Driver info: org.openqa.selenium.chrome.ChromeDriver
<br>&nbsp;&nbsp;&nbsp;&nbsp;Capabilities [{mobileEmulationEnabled=false, timeouts={implicit=0.0, pageLoad=300000.0, script=30000.0}, hasTouchScreen=false, platform=XP, acceptSslCerts=false, goog:chromeOptions={debuggerAddress=localhost:54315}, acceptInsecureCerts=false, webStorageEnabled=true, browserName=chrome, takesScreenshot=true, javascriptEnabled=true, setWindowRect=true, unexpectedAlertBehaviour=ignore, applicationCacheEnabled=false, rotatable=false, networkConnectionEnabled=false, chrome={chromedriverVersion=2.45.615291 (ec3682e3c9061c10f26ea9e5cdcf3c53f3f74387), userDataDir=C:\Users\aboba\AppData\Local\Temp\scoped_dir9272_16054}, takesHeapSnapshot=true, pageLoadStrategy=normal, strictFileInteractability=false, databaseEnabled=false, handlesAlerts=true, version=72.0.3626.109, browserConnectionEnabled=false, proxy=Proxy(), nativeEvents=true, locationContextEnabled=true, cssSelectorsEnabled=true}]
<br>&nbsp;&nbsp;&nbsp;&nbsp;Session ID: 669bb2ca9c84a5a7b6dc819ed9bf7b9f
<br>&nbsp;&nbsp;&nbsp;&nbsp;*** Element info: {Using=id, value=Lot}
<br>&nbsp;&nbsp;&nbsp;&nbsp;	at java.base/jdk.internal.reflect.NativeConstructorAccessorImpl.newInstance0(Native Method)
<br>&nbsp;&nbsp;&nbsp;&nbsp;	at java.base/jdk.internal.reflect.NativeConstructorAccessorImpl.newInstance(NativeConstructorAccessorImpl.java:62)
<br>&nbsp;&nbsp;&nbsp;&nbsp;	at java.base/jdk.internal.reflect.DelegatingConstructorAccessorImpl.newInstance(DelegatingConstructorAccessorImpl.java:45)
<br>&nbsp;&nbsp;&nbsp;&nbsp;	at java.base/java.lang.reflect.Constructor.newInstance(Constructor.java:488)
<br>&nbsp;&nbsp;&nbsp;&nbsp;	at org.openqa.selenium.remote.ErrorHandler.createThrowable(ErrorHandler.java:215)
<br>&nbsp;&nbsp;&nbsp;&nbsp;	at org.openqa.selenium.remote.ErrorHandler.throwIfResponseFailed(ErrorHandler.java:167)
<br>&nbsp;&nbsp;&nbsp;&nbsp;	at org.openqa.selenium.remote.RemoteWebDriver.execute(RemoteWebDriver.java:671)
<br>&nbsp;&nbsp;&nbsp;&nbsp;	at org.openqa.selenium.remote.RemoteWebDriver.findElement(RemoteWebDriver.java:410)
<br>&nbsp;&nbsp;&nbsp;&nbsp;	at org.openqa.selenium.remote.RemoteWebDriver.findElementById(RemoteWebDriver.java:453)
<br>&nbsp;&nbsp;&nbsp;&nbsp;	at org.openqa.selenium.By$ById.findElement(By.java:218)
<br>&nbsp;&nbsp;&nbsp;&nbsp;	at org.openqa.selenium.remote.RemoteWebDriver.findElement(RemoteWebDriver.java:402)
<br>&nbsp;&nbsp;&nbsp;&nbsp;	at com.ParkingLibrary.GlobalSeleniumLibrary.selectDropDownVisibleText(GlobalSeleniumLibrary.java:498)
<br>&nbsp;&nbsp;&nbsp;&nbsp;	at com.Parking_pages.Parking_Calculator.dataDrivenTest(Parking_Calculator.java:47)
<br>&nbsp;&nbsp;&nbsp;&nbsp;	at java.base/jdk.internal.reflect.NativeMethodAccessorImpl.invoke0(Native Method)
<br>&nbsp;&nbsp;&nbsp;&nbsp;	at java.base/jdk.internal.reflect.NativeMethodAccessorImpl.invoke(NativeMethodAccessorImpl.java:62)
<br>&nbsp;&nbsp;&nbsp;&nbsp;	at java.base/jdk.internal.reflect.DelegatingMethodAccessorImpl.invoke(DelegatingMethodAccessorImpl.java:43)
<br>&nbsp;&nbsp;&nbsp;&nbsp;	at java.base/java.lang.reflect.Method.invoke(Method.java:564)
<br>&nbsp;&nbsp;&nbsp;&nbsp;	at org.testng.internal.MethodInvocationHelper.invokeMethod(MethodInvocationHelper.java:108)
<br>&nbsp;&nbsp;&nbsp;&nbsp;	at org.testng.internal.Invoker.invokeMethod(Invoker.java:661)
<br>&nbsp;&nbsp;&nbsp;&nbsp;	at org.testng.internal.Invoker.invokeTestMethod(Invoker.java:869)
<br>&nbsp;&nbsp;&nbsp;&nbsp;	at org.testng.internal.Invoker.invokeTestMethods(Invoker.java:1193)
<br>&nbsp;&nbsp;&nbsp;&nbsp;	at org.testng.internal.TestMethodWorker.invokeTestMethods(TestMethodWorker.java:126)
<br>&nbsp;&nbsp;&nbsp;&nbsp;	at org.testng.internal.TestMethodWorker.run(TestMethodWorker.java:109)
<br>&nbsp;&nbsp;&nbsp;&nbsp;	at org.testng.TestRunner.privateRun(TestRunner.java:744)
<br>&nbsp;&nbsp;&nbsp;&nbsp;	at org.testng.TestRunner.run(TestRunner.java:602)
<br>&nbsp;&nbsp;&nbsp;&nbsp;	at org.testng.SuiteRunner.runTest(SuiteRunner.java:380)
<br>&nbsp;&nbsp;&nbsp;&nbsp;	at org.testng.SuiteRunner.runSequentially(SuiteRunner.java:375)
<br>&nbsp;&nbsp;&nbsp;&nbsp;	at org.testng.SuiteRunner.privateRun(SuiteRunner.java:340)
<br>&nbsp;&nbsp;&nbsp;&nbsp;	at org.testng.SuiteRunner.run(SuiteRunner.java:289)
<br>&nbsp;&nbsp;&nbsp;&nbsp;	at org.testng.SuiteRunnerWorker.runSuite(SuiteRunnerWorker.java:52)
<br>&nbsp;&nbsp;&nbsp;&nbsp;	at org.testng.SuiteRunnerWorker.run(SuiteRunnerWorker.java:86)
<br>&nbsp;&nbsp;&nbsp;&nbsp;	at org.testng.TestNG.runSuitesSequentially(TestNG.java:1301)
<br>&nbsp;&nbsp;&nbsp;&nbsp;	at org.testng.TestNG.runSuitesLocally(TestNG.java:1226)
<br>&nbsp;&nbsp;&nbsp;&nbsp;	at org.testng.TestNG.runSuites(TestNG.java:1144)
<br>&nbsp;&nbsp;&nbsp;&nbsp;	at org.testng.TestNG.run(TestNG.java:1115)
<br>&nbsp;&nbsp;&nbsp;&nbsp;	at org.testng.remote.AbstractRemoteTestNG.run(AbstractRemoteTestNG.java:114)
<br>&nbsp;&nbsp;&nbsp;&nbsp;	at org.testng.remote.RemoteTestNG.initAndRun(RemoteTestNG.java:251)
<br>&nbsp;&nbsp;&nbsp;&nbsp;	at org.testng.remote.RemoteTestNG.main(RemoteTestNG.java:77)
</td></tr>

<tr>
<td>69007</td>
<td title="main thread">main</td>
<td title="Level"><font color="#993300"><strong>ERROR</strong></font></td>
<td title="com.ParkingLibrary.GlobalSeleniumLibrary category">com.ParkingLibrary.GlobalSeleniumLibrary</td>
<td>GlobalSeleniumLibrary.java:395</td>
<td title="Message">Error: </td>
</tr>
<tr><td bgcolor="#993300" style="color:White; font-size : xx-small;" colspan="6">org.openqa.selenium.WebDriverException: chrome not reachable
<br>&nbsp;&nbsp;&nbsp;&nbsp;  (Session info: chrome=72.0.3626.109)
<br>&nbsp;&nbsp;&nbsp;&nbsp;  (Driver info: chromedriver=2.45.615291 (ec3682e3c9061c10f26ea9e5cdcf3c53f3f74387),platform=Windows NT 10.0.17134 x86_64) (WARNING: The server did not provide any stacktrace information)
<br>&nbsp;&nbsp;&nbsp;&nbsp;Command duration or timeout: 6.04 seconds
<br>&nbsp;&nbsp;&nbsp;&nbsp;Build info: version: '3.4.0', revision: 'unknown', time: 'unknown'
<br>&nbsp;&nbsp;&nbsp;&nbsp;System info: host: 'DESKTOP-GQF8HD8', ip: '192.168.10.1', os.name: 'Windows 10', os.arch: 'amd64', os.version: '10.0', java.version: '9.0.4'
<br>&nbsp;&nbsp;&nbsp;&nbsp;Driver info: org.openqa.selenium.chrome.ChromeDriver
<br>&nbsp;&nbsp;&nbsp;&nbsp;Capabilities [{mobileEmulationEnabled=false, timeouts={implicit=0.0, pageLoad=300000.0, script=30000.0}, hasTouchScreen=false, platform=XP, acceptSslCerts=false, goog:chromeOptions={debuggerAddress=localhost:54315}, acceptInsecureCerts=false, webStorageEnabled=true, browserName=chrome, takesScreenshot=true, javascriptEnabled=true, setWindowRect=true, unexpectedAlertBehaviour=ignore, applicationCacheEnabled=false, rotatable=false, networkConnectionEnabled=false, chrome={chromedriverVersion=2.45.615291 (ec3682e3c9061c10f26ea9e5cdcf3c53f3f74387), userDataDir=C:\Users\aboba\AppData\Local\Temp\scoped_dir9272_16054}, takesHeapSnapshot=true, pageLoadStrategy=normal, strictFileInteractability=false, databaseEnabled=false, handlesAlerts=true, version=72.0.3626.109, browserConnectionEnabled=false, proxy=Proxy(), nativeEvents=true, locationContextEnabled=true, cssSelectorsEnabled=true}]
<br>&nbsp;&nbsp;&nbsp;&nbsp;Session ID: 669bb2ca9c84a5a7b6dc819ed9bf7b9f
<br>&nbsp;&nbsp;&nbsp;&nbsp;	at java.base/jdk.internal.reflect.NativeConstructorAccessorImpl.newInstance0(Native Method)
<br>&nbsp;&nbsp;&nbsp;&nbsp;	at java.base/jdk.internal.reflect.NativeConstructorAccessorImpl.newInstance(NativeConstructorAccessorImpl.java:62)
<br>&nbsp;&nbsp;&nbsp;&nbsp;	at java.base/jdk.internal.reflect.DelegatingConstructorAccessorImpl.newInstance(DelegatingConstructorAccessorImpl.java:45)
<br>&nbsp;&nbsp;&nbsp;&nbsp;	at java.base/java.lang.reflect.Constructor.newInstance(Constructor.java:488)
<br>&nbsp;&nbsp;&nbsp;&nbsp;	at org.openqa.selenium.remote.ErrorHandler.createThrowable(ErrorHandler.java:215)
<br>&nbsp;&nbsp;&nbsp;&nbsp;	at org.openqa.selenium.remote.ErrorHandler.throwIfResponseFailed(ErrorHandler.java:167)
<br>&nbsp;&nbsp;&nbsp;&nbsp;	at org.openqa.selenium.remote.RemoteWebDriver.execute(RemoteWebDriver.java:671)
<br>&nbsp;&nbsp;&nbsp;&nbsp;	at org.openqa.selenium.remote.RemoteWebDriver.execute(RemoteWebDriver.java:694)
<br>&nbsp;&nbsp;&nbsp;&nbsp;	at org.openqa.selenium.remote.RemoteWebDriver.getScreenshotAs(RemoteWebDriver.java:382)
<br>&nbsp;&nbsp;&nbsp;&nbsp;	at com.ParkingLibrary.GlobalSeleniumLibrary.captureScreenshot(GlobalSeleniumLibrary.java:392)
<br>&nbsp;&nbsp;&nbsp;&nbsp;	at com.ParkingLibrary.Base.afterEachTestEnd(Base.java:44)
<br>&nbsp;&nbsp;&nbsp;&nbsp;	at java.base/jdk.internal.reflect.NativeMethodAccessorImpl.invoke0(Native Method)
<br>&nbsp;&nbsp;&nbsp;&nbsp;	at java.base/jdk.internal.reflect.NativeMethodAccessorImpl.invoke(NativeMethodAccessorImpl.java:62)
<br>&nbsp;&nbsp;&nbsp;&nbsp;	at java.base/jdk.internal.reflect.DelegatingMethodAccessorImpl.invoke(DelegatingMethodAccessorImpl.java:43)
<br>&nbsp;&nbsp;&nbsp;&nbsp;	at java.base/java.lang.reflect.Method.invoke(Method.java:564)
<br>&nbsp;&nbsp;&nbsp;&nbsp;	at org.testng.internal.MethodInvocationHelper.invokeMethod(MethodInvocationHelper.java:108)
<br>&nbsp;&nbsp;&nbsp;&nbsp;	at org.testng.internal.Invoker.invokeConfigurationMethod(Invoker.java:523)
<br>&nbsp;&nbsp;&nbsp;&nbsp;	at org.testng.internal.Invoker.invokeConfigurations(Invoker.java:224)
<br>&nbsp;&nbsp;&nbsp;&nbsp;	at org.testng.internal.Invoker.invokeMethod(Invoker.java:723)
<br>&nbsp;&nbsp;&nbsp;&nbsp;	at org.testng.internal.Invoker.invokeTestMethod(Invoker.java:869)
<br>&nbsp;&nbsp;&nbsp;&nbsp;	at org.testng.internal.Invoker.invokeTestMethods(Invoker.java:1193)
<br>&nbsp;&nbsp;&nbsp;&nbsp;	at org.testng.internal.TestMethodWorker.invokeTestMethods(TestMethodWorker.java:126)
<br>&nbsp;&nbsp;&nbsp;&nbsp;	at org.testng.internal.TestMethodWorker.run(TestMethodWorker.java:109)
<br>&nbsp;&nbsp;&nbsp;&nbsp;	at org.testng.TestRunner.privateRun(TestRunner.java:744)
<br>&nbsp;&nbsp;&nbsp;&nbsp;	at org.testng.TestRunner.run(TestRunner.java:602)
<br>&nbsp;&nbsp;&nbsp;&nbsp;	at org.testng.SuiteRunner.runTest(SuiteRunner.java:380)
<br>&nbsp;&nbsp;&nbsp;&nbsp;	at org.testng.SuiteRunner.runSequentially(SuiteRunner.java:375)
<br>&nbsp;&nbsp;&nbsp;&nbsp;	at org.testng.SuiteRunner.privateRun(SuiteRunner.java:340)
<br>&nbsp;&nbsp;&nbsp;&nbsp;	at org.testng.SuiteRunner.run(SuiteRunner.java:289)
<br>&nbsp;&nbsp;&nbsp;&nbsp;	at org.testng.SuiteRunnerWorker.runSuite(SuiteRunnerWorker.java:52)
<br>&nbsp;&nbsp;&nbsp;&nbsp;	at org.testng.SuiteRunnerWorker.run(SuiteRunnerWorker.java:86)
<br>&nbsp;&nbsp;&nbsp;&nbsp;	at org.testng.TestNG.runSuitesSequentially(TestNG.java:1301)
<br>&nbsp;&nbsp;&nbsp;&nbsp;	at org.testng.TestNG.runSuitesLocally(TestNG.java:1226)
<br>&nbsp;&nbsp;&nbsp;&nbsp;	at org.testng.TestNG.runSuites(TestNG.java:1144)
<br>&nbsp;&nbsp;&nbsp;&nbsp;	at org.testng.TestNG.run(TestNG.java:1115)
<br>&nbsp;&nbsp;&nbsp;&nbsp;	at org.testng.remote.AbstractRemoteTestNG.run(AbstractRemoteTestNG.java:114)
<br>&nbsp;&nbsp;&nbsp;&nbsp;	at org.testng.remote.RemoteTestNG.initAndRun(RemoteTestNG.java:251)
<br>&nbsp;&nbsp;&nbsp;&nbsp;	at org.testng.remote.RemoteTestNG.main(RemoteTestNG.java:77)
</td></tr>
<!DOCTYPE HTML PUBLIC "-//W3C//DTD HTML 4.01 Transitional//EN" "http://www.w3.org/TR/html4/loose.dtd">
<html>
<head>
<title>Selenium Logs</title>
<style type="text/css">
<!--
body, table {font-family: arial,sans-serif; font-size: x-small;}
th {background: #336699; color: #FFFFFF; text-align: left;}
-->
</style>
</head>
<body bgcolor="#FFFFFF" topmargin="6" leftmargin="6">
<hr size="1" noshade>
Log session start time Fri Feb 15 12:30:55 EST 2019<br>
<br>
<table cellspacing="0" cellpadding="4" border="1" bordercolor="#224466" width="100%">
<tr>
<th>Time</th>
<th>Thread</th>
<th>Level</th>
<th>Category</th>
<th>File:Line</th>
<th>Message</th>
</tr>

<tr>
<td>0</td>
<td title="main thread">main</td>
<td title="Level">INFO</td>
<td title="com.ParkingLibrary.GlobalSeleniumLibrary category">com.ParkingLibrary.GlobalSeleniumLibrary</td>
<td>GlobalSeleniumLibrary.java:398</td>
<td title="Message">Screenshot Captured: target/screenshots/dataDrivenTest2019_02_15_12_31_02_223.png</td>
</tr>

<tr>
<td>8691</td>
<td title="main thread">main</td>
<td title="Level">INFO</td>
<td title="com.ParkingLibrary.GlobalSeleniumLibrary category">com.ParkingLibrary.GlobalSeleniumLibrary</td>
<td>GlobalSeleniumLibrary.java:398</td>
<td title="Message">Screenshot Captured: target/screenshots/dataDrivenTest2019_02_15_12_31_10_955.png</td>
</tr>

<tr>
<td>17149</td>
<td title="main thread">main</td>
<td title="Level">INFO</td>
<td title="com.ParkingLibrary.GlobalSeleniumLibrary category">com.ParkingLibrary.GlobalSeleniumLibrary</td>
<td>GlobalSeleniumLibrary.java:398</td>
<td title="Message">Screenshot Captured: target/screenshots/dataDrivenTest2019_02_15_12_31_19_404.png</td>
</tr>

<tr>
<td>25551</td>
<td title="main thread">main</td>
<td title="Level">INFO</td>
<td title="com.ParkingLibrary.GlobalSeleniumLibrary category">com.ParkingLibrary.GlobalSeleniumLibrary</td>
<td>GlobalSeleniumLibrary.java:398</td>
<td title="Message">Screenshot Captured: target/screenshots/dataDrivenTest2019_02_15_12_31_27_809.png</td>
</tr>

<tr>
<td>34082</td>
<td title="main thread">main</td>
<td title="Level">INFO</td>
<td title="com.ParkingLibrary.GlobalSeleniumLibrary category">com.ParkingLibrary.GlobalSeleniumLibrary</td>
<td>GlobalSeleniumLibrary.java:398</td>
<td title="Message">Screenshot Captured: target/screenshots/dataDrivenTest2019_02_15_12_31_36_354.png</td>
</tr>

<tr>
<td>71470</td>
<td title="main thread">main</td>
<td title="Level"><font color="#993300"><strong>ERROR</strong></font></td>
<td title="com.ParkingLibrary.GlobalSeleniumLibrary category">com.ParkingLibrary.GlobalSeleniumLibrary</td>
<td>GlobalSeleniumLibrary.java:504</td>
<td title="Message">Error</td>
</tr>
<tr><td bgcolor="#993300" style="color:White; font-size : xx-small;" colspan="6">org.openqa.selenium.NoSuchElementException: Cannot locate element with text: 
<br>&nbsp;&nbsp;&nbsp;&nbsp;For documentation on this error, please visit: http://seleniumhq.org/exceptions/no_such_element.html
<br>&nbsp;&nbsp;&nbsp;&nbsp;Build info: version: '3.4.0', revision: 'unknown', time: 'unknown'
<br>&nbsp;&nbsp;&nbsp;&nbsp;System info: host: 'DESKTOP-GQF8HD8', ip: '192.168.10.1', os.name: 'Windows 10', os.arch: 'amd64', os.version: '10.0', java.version: '9.0.4'
<br>&nbsp;&nbsp;&nbsp;&nbsp;Driver info: driver.version: unknown
<br>&nbsp;&nbsp;&nbsp;&nbsp;	at org.openqa.selenium.support.ui.Select.selectByVisibleText(Select.java:151)
<br>&nbsp;&nbsp;&nbsp;&nbsp;	at com.ParkingLibrary.GlobalSeleniumLibrary.selectDropDownVisibleText(GlobalSeleniumLibrary.java:500)
<br>&nbsp;&nbsp;&nbsp;&nbsp;	at com.Parking_pages.Parking_Calculator.dataDrivenTest(Parking_Calculator.java:47)
<br>&nbsp;&nbsp;&nbsp;&nbsp;	at java.base/jdk.internal.reflect.NativeMethodAccessorImpl.invoke0(Native Method)
<br>&nbsp;&nbsp;&nbsp;&nbsp;	at java.base/jdk.internal.reflect.NativeMethodAccessorImpl.invoke(NativeMethodAccessorImpl.java:62)
<br>&nbsp;&nbsp;&nbsp;&nbsp;	at java.base/jdk.internal.reflect.DelegatingMethodAccessorImpl.invoke(DelegatingMethodAccessorImpl.java:43)
<br>&nbsp;&nbsp;&nbsp;&nbsp;	at java.base/java.lang.reflect.Method.invoke(Method.java:564)
<br>&nbsp;&nbsp;&nbsp;&nbsp;	at org.testng.internal.MethodInvocationHelper.invokeMethod(MethodInvocationHelper.java:108)
<br>&nbsp;&nbsp;&nbsp;&nbsp;	at org.testng.internal.Invoker.invokeMethod(Invoker.java:661)
<br>&nbsp;&nbsp;&nbsp;&nbsp;	at org.testng.internal.Invoker.invokeTestMethod(Invoker.java:869)
<br>&nbsp;&nbsp;&nbsp;&nbsp;	at org.testng.internal.Invoker.invokeTestMethods(Invoker.java:1193)
<br>&nbsp;&nbsp;&nbsp;&nbsp;	at org.testng.internal.TestMethodWorker.invokeTestMethods(TestMethodWorker.java:126)
<br>&nbsp;&nbsp;&nbsp;&nbsp;	at org.testng.internal.TestMethodWorker.run(TestMethodWorker.java:109)
<br>&nbsp;&nbsp;&nbsp;&nbsp;	at org.testng.TestRunner.privateRun(TestRunner.java:744)
<br>&nbsp;&nbsp;&nbsp;&nbsp;	at org.testng.TestRunner.run(TestRunner.java:602)
<br>&nbsp;&nbsp;&nbsp;&nbsp;	at org.testng.SuiteRunner.runTest(SuiteRunner.java:380)
<br>&nbsp;&nbsp;&nbsp;&nbsp;	at org.testng.SuiteRunner.runSequentially(SuiteRunner.java:375)
<br>&nbsp;&nbsp;&nbsp;&nbsp;	at org.testng.SuiteRunner.privateRun(SuiteRunner.java:340)
<br>&nbsp;&nbsp;&nbsp;&nbsp;	at org.testng.SuiteRunner.run(SuiteRunner.java:289)
<br>&nbsp;&nbsp;&nbsp;&nbsp;	at org.testng.SuiteRunnerWorker.runSuite(SuiteRunnerWorker.java:52)
<br>&nbsp;&nbsp;&nbsp;&nbsp;	at org.testng.SuiteRunnerWorker.run(SuiteRunnerWorker.java:86)
<br>&nbsp;&nbsp;&nbsp;&nbsp;	at org.testng.TestNG.runSuitesSequentially(TestNG.java:1301)
<br>&nbsp;&nbsp;&nbsp;&nbsp;	at org.testng.TestNG.runSuitesLocally(TestNG.java:1226)
<br>&nbsp;&nbsp;&nbsp;&nbsp;	at org.testng.TestNG.runSuites(TestNG.java:1144)
<br>&nbsp;&nbsp;&nbsp;&nbsp;	at org.testng.TestNG.run(TestNG.java:1115)
<br>&nbsp;&nbsp;&nbsp;&nbsp;	at org.testng.remote.AbstractRemoteTestNG.run(AbstractRemoteTestNG.java:114)
<br>&nbsp;&nbsp;&nbsp;&nbsp;	at org.testng.remote.RemoteTestNG.initAndRun(RemoteTestNG.java:251)
<br>&nbsp;&nbsp;&nbsp;&nbsp;	at org.testng.remote.RemoteTestNG.main(RemoteTestNG.java:77)
</td></tr>

<tr>
<td>71882</td>
<td title="main thread">main</td>
<td title="Level">INFO</td>
<td title="com.ParkingLibrary.GlobalSeleniumLibrary category">com.ParkingLibrary.GlobalSeleniumLibrary</td>
<td>GlobalSeleniumLibrary.java:398</td>
<td title="Message">Screenshot Captured: target/screenshots/dataDrivenTest2019_02_15_12_32_14_084.png</td>
</tr>
<!DOCTYPE HTML PUBLIC "-//W3C//DTD HTML 4.01 Transitional//EN" "http://www.w3.org/TR/html4/loose.dtd">
<html>
<head>
<title>Selenium Logs</title>
<style type="text/css">
<!--
body, table {font-family: arial,sans-serif; font-size: x-small;}
th {background: #336699; color: #FFFFFF; text-align: left;}
-->
</style>
</head>
<body bgcolor="#FFFFFF" topmargin="6" leftmargin="6">
<hr size="1" noshade>
Log session start time Fri Feb 15 12:35:09 EST 2019<br>
<br>
<table cellspacing="0" cellpadding="4" border="1" bordercolor="#224466" width="100%">
<tr>
<th>Time</th>
<th>Thread</th>
<th>Level</th>
<th>Category</th>
<th>File:Line</th>
<th>Message</th>
</tr>

<tr>
<td>0</td>
<td title="main thread">main</td>
<td title="Level">INFO</td>
<td title="com.ParkingLibrary.GlobalSeleniumLibrary category">com.ParkingLibrary.GlobalSeleniumLibrary</td>
<td>GlobalSeleniumLibrary.java:398</td>
<td title="Message">Screenshot Captured: target/screenshots/dataDrivenTest2019_02_15_12_35_16_275.png</td>
</tr>

<tr>
<td>8839</td>
<td title="main thread">main</td>
<td title="Level">INFO</td>
<td title="com.ParkingLibrary.GlobalSeleniumLibrary category">com.ParkingLibrary.GlobalSeleniumLibrary</td>
<td>GlobalSeleniumLibrary.java:398</td>
<td title="Message">Screenshot Captured: target/screenshots/dataDrivenTest2019_02_15_12_35_25_152.png</td>
</tr>

<tr>
<td>17639</td>
<td title="main thread">main</td>
<td title="Level">INFO</td>
<td title="com.ParkingLibrary.GlobalSeleniumLibrary category">com.ParkingLibrary.GlobalSeleniumLibrary</td>
<td>GlobalSeleniumLibrary.java:398</td>
<td title="Message">Screenshot Captured: target/screenshots/dataDrivenTest2019_02_15_12_35_33_904.png</td>
</tr>

<tr>
<td>26084</td>
<td title="main thread">main</td>
<td title="Level">INFO</td>
<td title="com.ParkingLibrary.GlobalSeleniumLibrary category">com.ParkingLibrary.GlobalSeleniumLibrary</td>
<td>GlobalSeleniumLibrary.java:398</td>
<td title="Message">Screenshot Captured: target/screenshots/dataDrivenTest2019_02_15_12_35_42_39.png</td>
</tr>

<tr>
<td>34600</td>
<td title="main thread">main</td>
<td title="Level">INFO</td>
<td title="com.ParkingLibrary.GlobalSeleniumLibrary category">com.ParkingLibrary.GlobalSeleniumLibrary</td>
<td>GlobalSeleniumLibrary.java:398</td>
<td title="Message">Screenshot Captured: target/screenshots/dataDrivenTest2019_02_15_12_35_50_878.png</td>
</tr>

<tr>
<td>71766</td>
<td title="main thread">main</td>
<td title="Level"><font color="#993300"><strong>ERROR</strong></font></td>
<td title="com.ParkingLibrary.GlobalSeleniumLibrary category">com.ParkingLibrary.GlobalSeleniumLibrary</td>
<td>GlobalSeleniumLibrary.java:504</td>
<td title="Message">Error</td>
</tr>
<tr><td bgcolor="#993300" style="color:White; font-size : xx-small;" colspan="6">org.openqa.selenium.NoSuchElementException: Cannot locate element with text: 
<br>&nbsp;&nbsp;&nbsp;&nbsp;For documentation on this error, please visit: http://seleniumhq.org/exceptions/no_such_element.html
<br>&nbsp;&nbsp;&nbsp;&nbsp;Build info: version: '3.4.0', revision: 'unknown', time: 'unknown'
<br>&nbsp;&nbsp;&nbsp;&nbsp;System info: host: 'DESKTOP-GQF8HD8', ip: '192.168.10.1', os.name: 'Windows 10', os.arch: 'amd64', os.version: '10.0', java.version: '9.0.4'
<br>&nbsp;&nbsp;&nbsp;&nbsp;Driver info: driver.version: unknown
<br>&nbsp;&nbsp;&nbsp;&nbsp;	at org.openqa.selenium.support.ui.Select.selectByVisibleText(Select.java:151)
<br>&nbsp;&nbsp;&nbsp;&nbsp;	at com.ParkingLibrary.GlobalSeleniumLibrary.selectDropDownVisibleText(GlobalSeleniumLibrary.java:500)
<br>&nbsp;&nbsp;&nbsp;&nbsp;	at com.Parking_pages.Parking_Calculator.dataDrivenTest(Parking_Calculator.java:47)
<br>&nbsp;&nbsp;&nbsp;&nbsp;	at java.base/jdk.internal.reflect.NativeMethodAccessorImpl.invoke0(Native Method)
<br>&nbsp;&nbsp;&nbsp;&nbsp;	at java.base/jdk.internal.reflect.NativeMethodAccessorImpl.invoke(NativeMethodAccessorImpl.java:62)
<br>&nbsp;&nbsp;&nbsp;&nbsp;	at java.base/jdk.internal.reflect.DelegatingMethodAccessorImpl.invoke(DelegatingMethodAccessorImpl.java:43)
<br>&nbsp;&nbsp;&nbsp;&nbsp;	at java.base/java.lang.reflect.Method.invoke(Method.java:564)
<br>&nbsp;&nbsp;&nbsp;&nbsp;	at org.testng.internal.MethodInvocationHelper.invokeMethod(MethodInvocationHelper.java:108)
<br>&nbsp;&nbsp;&nbsp;&nbsp;	at org.testng.internal.Invoker.invokeMethod(Invoker.java:661)
<br>&nbsp;&nbsp;&nbsp;&nbsp;	at org.testng.internal.Invoker.invokeTestMethod(Invoker.java:869)
<br>&nbsp;&nbsp;&nbsp;&nbsp;	at org.testng.internal.Invoker.invokeTestMethods(Invoker.java:1193)
<br>&nbsp;&nbsp;&nbsp;&nbsp;	at org.testng.internal.TestMethodWorker.invokeTestMethods(TestMethodWorker.java:126)
<br>&nbsp;&nbsp;&nbsp;&nbsp;	at org.testng.internal.TestMethodWorker.run(TestMethodWorker.java:109)
<br>&nbsp;&nbsp;&nbsp;&nbsp;	at org.testng.TestRunner.privateRun(TestRunner.java:744)
<br>&nbsp;&nbsp;&nbsp;&nbsp;	at org.testng.TestRunner.run(TestRunner.java:602)
<br>&nbsp;&nbsp;&nbsp;&nbsp;	at org.testng.SuiteRunner.runTest(SuiteRunner.java:380)
<br>&nbsp;&nbsp;&nbsp;&nbsp;	at org.testng.SuiteRunner.runSequentially(SuiteRunner.java:375)
<br>&nbsp;&nbsp;&nbsp;&nbsp;	at org.testng.SuiteRunner.privateRun(SuiteRunner.java:340)
<br>&nbsp;&nbsp;&nbsp;&nbsp;	at org.testng.SuiteRunner.run(SuiteRunner.java:289)
<br>&nbsp;&nbsp;&nbsp;&nbsp;	at org.testng.SuiteRunnerWorker.runSuite(SuiteRunnerWorker.java:52)
<br>&nbsp;&nbsp;&nbsp;&nbsp;	at org.testng.SuiteRunnerWorker.run(SuiteRunnerWorker.java:86)
<br>&nbsp;&nbsp;&nbsp;&nbsp;	at org.testng.TestNG.runSuitesSequentially(TestNG.java:1301)
<br>&nbsp;&nbsp;&nbsp;&nbsp;	at org.testng.TestNG.runSuitesLocally(TestNG.java:1226)
<br>&nbsp;&nbsp;&nbsp;&nbsp;	at org.testng.TestNG.runSuites(TestNG.java:1144)
<br>&nbsp;&nbsp;&nbsp;&nbsp;	at org.testng.TestNG.run(TestNG.java:1115)
<br>&nbsp;&nbsp;&nbsp;&nbsp;	at org.testng.remote.AbstractRemoteTestNG.run(AbstractRemoteTestNG.java:114)
<br>&nbsp;&nbsp;&nbsp;&nbsp;	at org.testng.remote.RemoteTestNG.initAndRun(RemoteTestNG.java:251)
<br>&nbsp;&nbsp;&nbsp;&nbsp;	at org.testng.remote.RemoteTestNG.main(RemoteTestNG.java:77)
</td></tr>

<tr>
<td>72140</td>
<td title="main thread">main</td>
<td title="Level">INFO</td>
<td title="com.ParkingLibrary.GlobalSeleniumLibrary category">com.ParkingLibrary.GlobalSeleniumLibrary</td>
<td>GlobalSeleniumLibrary.java:398</td>
<td title="Message">Screenshot Captured: target/screenshots/dataDrivenTest2019_02_15_12_36_28_415.png</td>
</tr>
<!DOCTYPE HTML PUBLIC "-//W3C//DTD HTML 4.01 Transitional//EN" "http://www.w3.org/TR/html4/loose.dtd">
<html>
<head>
<title>Selenium Logs</title>
<style type="text/css">
<!--
body, table {font-family: arial,sans-serif; font-size: x-small;}
th {background: #336699; color: #FFFFFF; text-align: left;}
-->
</style>
</head>
<body bgcolor="#FFFFFF" topmargin="6" leftmargin="6">
<hr size="1" noshade>
Log session start time Sun Feb 17 14:51:38 EST 2019<br>
<br>
<table cellspacing="0" cellpadding="4" border="1" bordercolor="#224466" width="100%">
<tr>
<th>Time</th>
<th>Thread</th>
<th>Level</th>
<th>Category</th>
<th>File:Line</th>
<th>Message</th>
</tr>

<tr>
<td>1</td>
<td title="main thread">main</td>
<td title="Level"><font color="#993300"><strong>ERROR</strong></font></td>
<td title="com.ParkingLibrary.GlobalSeleniumLibrary category">com.ParkingLibrary.GlobalSeleniumLibrary</td>
<td>GlobalSeleniumLibrary.java:504</td>
<td title="Message">Error</td>
</tr>
<tr><td bgcolor="#993300" style="color:White; font-size : xx-small;" colspan="6">org.openqa.selenium.NoSuchElementException: Cannot locate element with text:  Economy Parking
<br>&nbsp;&nbsp;&nbsp;&nbsp;For documentation on this error, please visit: http://seleniumhq.org/exceptions/no_such_element.html
<br>&nbsp;&nbsp;&nbsp;&nbsp;Build info: version: '3.4.0', revision: 'unknown', time: 'unknown'
<br>&nbsp;&nbsp;&nbsp;&nbsp;System info: host: 'DESKTOP-GQF8HD8', ip: '192.168.10.1', os.name: 'Windows 10', os.arch: 'amd64', os.version: '10.0', java.version: '9.0.4'
<br>&nbsp;&nbsp;&nbsp;&nbsp;Driver info: driver.version: unknown
<br>&nbsp;&nbsp;&nbsp;&nbsp;	at org.openqa.selenium.support.ui.Select.selectByVisibleText(Select.java:151)
<br>&nbsp;&nbsp;&nbsp;&nbsp;	at com.ParkingLibrary.GlobalSeleniumLibrary.selectDropDownVisibleText(GlobalSeleniumLibrary.java:500)
<br>&nbsp;&nbsp;&nbsp;&nbsp;	at com.Parking_pages.Parking_Calculator.dataDrivenTest(Parking_Calculator.java:47)
<br>&nbsp;&nbsp;&nbsp;&nbsp;	at java.base/jdk.internal.reflect.NativeMethodAccessorImpl.invoke0(Native Method)
<br>&nbsp;&nbsp;&nbsp;&nbsp;	at java.base/jdk.internal.reflect.NativeMethodAccessorImpl.invoke(NativeMethodAccessorImpl.java:62)
<br>&nbsp;&nbsp;&nbsp;&nbsp;	at java.base/jdk.internal.reflect.DelegatingMethodAccessorImpl.invoke(DelegatingMethodAccessorImpl.java:43)
<br>&nbsp;&nbsp;&nbsp;&nbsp;	at java.base/java.lang.reflect.Method.invoke(Method.java:564)
<br>&nbsp;&nbsp;&nbsp;&nbsp;	at org.testng.internal.MethodInvocationHelper.invokeMethod(MethodInvocationHelper.java:108)
<br>&nbsp;&nbsp;&nbsp;&nbsp;	at org.testng.internal.Invoker.invokeMethod(Invoker.java:661)
<br>&nbsp;&nbsp;&nbsp;&nbsp;	at org.testng.internal.Invoker.invokeTestMethod(Invoker.java:869)
<br>&nbsp;&nbsp;&nbsp;&nbsp;	at org.testng.internal.Invoker.invokeTestMethods(Invoker.java:1193)
<br>&nbsp;&nbsp;&nbsp;&nbsp;	at org.testng.internal.TestMethodWorker.invokeTestMethods(TestMethodWorker.java:126)
<br>&nbsp;&nbsp;&nbsp;&nbsp;	at org.testng.internal.TestMethodWorker.run(TestMethodWorker.java:109)
<br>&nbsp;&nbsp;&nbsp;&nbsp;	at org.testng.TestRunner.privateRun(TestRunner.java:744)
<br>&nbsp;&nbsp;&nbsp;&nbsp;	at org.testng.TestRunner.run(TestRunner.java:602)
<br>&nbsp;&nbsp;&nbsp;&nbsp;	at org.testng.SuiteRunner.runTest(SuiteRunner.java:380)
<br>&nbsp;&nbsp;&nbsp;&nbsp;	at org.testng.SuiteRunner.runSequentially(SuiteRunner.java:375)
<br>&nbsp;&nbsp;&nbsp;&nbsp;	at org.testng.SuiteRunner.privateRun(SuiteRunner.java:340)
<br>&nbsp;&nbsp;&nbsp;&nbsp;	at org.testng.SuiteRunner.run(SuiteRunner.java:289)
<br>&nbsp;&nbsp;&nbsp;&nbsp;	at org.testng.SuiteRunnerWorker.runSuite(SuiteRunnerWorker.java:52)
<br>&nbsp;&nbsp;&nbsp;&nbsp;	at org.testng.SuiteRunnerWorker.run(SuiteRunnerWorker.java:86)
<br>&nbsp;&nbsp;&nbsp;&nbsp;	at org.testng.TestNG.runSuitesSequentially(TestNG.java:1301)
<br>&nbsp;&nbsp;&nbsp;&nbsp;	at org.testng.TestNG.runSuitesLocally(TestNG.java:1226)
<br>&nbsp;&nbsp;&nbsp;&nbsp;	at org.testng.TestNG.runSuites(TestNG.java:1144)
<br>&nbsp;&nbsp;&nbsp;&nbsp;	at org.testng.TestNG.run(TestNG.java:1115)
<br>&nbsp;&nbsp;&nbsp;&nbsp;	at org.testng.remote.AbstractRemoteTestNG.run(AbstractRemoteTestNG.java:114)
<br>&nbsp;&nbsp;&nbsp;&nbsp;	at org.testng.remote.RemoteTestNG.initAndRun(RemoteTestNG.java:251)
<br>&nbsp;&nbsp;&nbsp;&nbsp;	at org.testng.remote.RemoteTestNG.main(RemoteTestNG.java:77)
</td></tr>

<tr>
<td>414</td>
<td title="main thread">main</td>
<td title="Level">INFO</td>
<td title="com.ParkingLibrary.GlobalSeleniumLibrary category">com.ParkingLibrary.GlobalSeleniumLibrary</td>
<td>GlobalSeleniumLibrary.java:398</td>
<td title="Message">Screenshot Captured: target/screenshots/dataDrivenTest2019_02_17_14_52_13_79.png</td>
</tr>

<tr>
<td>10427</td>
<td title="main thread">main</td>
<td title="Level">INFO</td>
<td title="com.ParkingLibrary.GlobalSeleniumLibrary category">com.ParkingLibrary.GlobalSeleniumLibrary</td>
<td>GlobalSeleniumLibrary.java:398</td>
<td title="Message">Screenshot Captured: target/screenshots/dataDrivenTest2019_02_17_14_52_23_851.png</td>
</tr>

<tr>
<td>19387</td>
<td title="main thread">main</td>
<td title="Level">INFO</td>
<td title="com.ParkingLibrary.GlobalSeleniumLibrary category">com.ParkingLibrary.GlobalSeleniumLibrary</td>
<td>GlobalSeleniumLibrary.java:398</td>
<td title="Message">Screenshot Captured: target/screenshots/dataDrivenTest2019_02_17_14_52_32_801.png</td>
</tr>

<tr>
<td>27593</td>
<td title="main thread">main</td>
<td title="Level">INFO</td>
<td title="com.ParkingLibrary.GlobalSeleniumLibrary category">com.ParkingLibrary.GlobalSeleniumLibrary</td>
<td>GlobalSeleniumLibrary.java:398</td>
<td title="Message">Screenshot Captured: target/screenshots/dataDrivenTest2019_02_17_14_52_41_011.png</td>
</tr>

<tr>
<td>35604</td>
<td title="main thread">main</td>
<td title="Level">INFO</td>
<td title="com.ParkingLibrary.GlobalSeleniumLibrary category">com.ParkingLibrary.GlobalSeleniumLibrary</td>
<td>GlobalSeleniumLibrary.java:398</td>
<td title="Message">Screenshot Captured: target/screenshots/dataDrivenTest2019_02_17_14_52_49_03.png</td>
</tr>

<tr>
<td>72598</td>
<td title="main thread">main</td>
<td title="Level"><font color="#993300"><strong>ERROR</strong></font></td>
<td title="com.ParkingLibrary.GlobalSeleniumLibrary category">com.ParkingLibrary.GlobalSeleniumLibrary</td>
<td>GlobalSeleniumLibrary.java:504</td>
<td title="Message">Error</td>
</tr>
<tr><td bgcolor="#993300" style="color:White; font-size : xx-small;" colspan="6">org.openqa.selenium.NoSuchElementException: Cannot locate element with text: 
<br>&nbsp;&nbsp;&nbsp;&nbsp;For documentation on this error, please visit: http://seleniumhq.org/exceptions/no_such_element.html
<br>&nbsp;&nbsp;&nbsp;&nbsp;Build info: version: '3.4.0', revision: 'unknown', time: 'unknown'
<br>&nbsp;&nbsp;&nbsp;&nbsp;System info: host: 'DESKTOP-GQF8HD8', ip: '192.168.10.1', os.name: 'Windows 10', os.arch: 'amd64', os.version: '10.0', java.version: '9.0.4'
<br>&nbsp;&nbsp;&nbsp;&nbsp;Driver info: driver.version: unknown
<br>&nbsp;&nbsp;&nbsp;&nbsp;	at org.openqa.selenium.support.ui.Select.selectByVisibleText(Select.java:151)
<br>&nbsp;&nbsp;&nbsp;&nbsp;	at com.ParkingLibrary.GlobalSeleniumLibrary.selectDropDownVisibleText(GlobalSeleniumLibrary.java:500)
<br>&nbsp;&nbsp;&nbsp;&nbsp;	at com.Parking_pages.Parking_Calculator.dataDrivenTest(Parking_Calculator.java:47)
<br>&nbsp;&nbsp;&nbsp;&nbsp;	at java.base/jdk.internal.reflect.NativeMethodAccessorImpl.invoke0(Native Method)
<br>&nbsp;&nbsp;&nbsp;&nbsp;	at java.base/jdk.internal.reflect.NativeMethodAccessorImpl.invoke(NativeMethodAccessorImpl.java:62)
<br>&nbsp;&nbsp;&nbsp;&nbsp;	at java.base/jdk.internal.reflect.DelegatingMethodAccessorImpl.invoke(DelegatingMethodAccessorImpl.java:43)
<br>&nbsp;&nbsp;&nbsp;&nbsp;	at java.base/java.lang.reflect.Method.invoke(Method.java:564)
<br>&nbsp;&nbsp;&nbsp;&nbsp;	at org.testng.internal.MethodInvocationHelper.invokeMethod(MethodInvocationHelper.java:108)
<br>&nbsp;&nbsp;&nbsp;&nbsp;	at org.testng.internal.Invoker.invokeMethod(Invoker.java:661)
<br>&nbsp;&nbsp;&nbsp;&nbsp;	at org.testng.internal.Invoker.invokeTestMethod(Invoker.java:869)
<br>&nbsp;&nbsp;&nbsp;&nbsp;	at org.testng.internal.Invoker.invokeTestMethods(Invoker.java:1193)
<br>&nbsp;&nbsp;&nbsp;&nbsp;	at org.testng.internal.TestMethodWorker.invokeTestMethods(TestMethodWorker.java:126)
<br>&nbsp;&nbsp;&nbsp;&nbsp;	at org.testng.internal.TestMethodWorker.run(TestMethodWorker.java:109)
<br>&nbsp;&nbsp;&nbsp;&nbsp;	at org.testng.TestRunner.privateRun(TestRunner.java:744)
<br>&nbsp;&nbsp;&nbsp;&nbsp;	at org.testng.TestRunner.run(TestRunner.java:602)
<br>&nbsp;&nbsp;&nbsp;&nbsp;	at org.testng.SuiteRunner.runTest(SuiteRunner.java:380)
<br>&nbsp;&nbsp;&nbsp;&nbsp;	at org.testng.SuiteRunner.runSequentially(SuiteRunner.java:375)
<br>&nbsp;&nbsp;&nbsp;&nbsp;	at org.testng.SuiteRunner.privateRun(SuiteRunner.java:340)
<br>&nbsp;&nbsp;&nbsp;&nbsp;	at org.testng.SuiteRunner.run(SuiteRunner.java:289)
<br>&nbsp;&nbsp;&nbsp;&nbsp;	at org.testng.SuiteRunnerWorker.runSuite(SuiteRunnerWorker.java:52)
<br>&nbsp;&nbsp;&nbsp;&nbsp;	at org.testng.SuiteRunnerWorker.run(SuiteRunnerWorker.java:86)
<br>&nbsp;&nbsp;&nbsp;&nbsp;	at org.testng.TestNG.runSuitesSequentially(TestNG.java:1301)
<br>&nbsp;&nbsp;&nbsp;&nbsp;	at org.testng.TestNG.runSuitesLocally(TestNG.java:1226)
<br>&nbsp;&nbsp;&nbsp;&nbsp;	at org.testng.TestNG.runSuites(TestNG.java:1144)
<br>&nbsp;&nbsp;&nbsp;&nbsp;	at org.testng.TestNG.run(TestNG.java:1115)
<br>&nbsp;&nbsp;&nbsp;&nbsp;	at org.testng.remote.AbstractRemoteTestNG.run(AbstractRemoteTestNG.java:114)
<br>&nbsp;&nbsp;&nbsp;&nbsp;	at org.testng.remote.RemoteTestNG.initAndRun(RemoteTestNG.java:251)
<br>&nbsp;&nbsp;&nbsp;&nbsp;	at org.testng.remote.RemoteTestNG.main(RemoteTestNG.java:77)
</td></tr>

<tr>
<td>72952</td>
<td title="main thread">main</td>
<td title="Level">INFO</td>
<td title="com.ParkingLibrary.GlobalSeleniumLibrary category">com.ParkingLibrary.GlobalSeleniumLibrary</td>
<td>GlobalSeleniumLibrary.java:398</td>
<td title="Message">Screenshot Captured: target/screenshots/dataDrivenTest2019_02_17_14_53_26_379.png</td>
</tr>
<!DOCTYPE HTML PUBLIC "-//W3C//DTD HTML 4.01 Transitional//EN" "http://www.w3.org/TR/html4/loose.dtd">
<html>
<head>
<title>Selenium Logs</title>
<style type="text/css">
<!--
body, table {font-family: arial,sans-serif; font-size: x-small;}
th {background: #336699; color: #FFFFFF; text-align: left;}
-->
</style>
</head>
<body bgcolor="#FFFFFF" topmargin="6" leftmargin="6">
<hr size="1" noshade>
Log session start time Sun Feb 17 17:22:49 EST 2019<br>
<br>
<table cellspacing="0" cellpadding="4" border="1" bordercolor="#224466" width="100%">
<tr>
<th>Time</th>
<th>Thread</th>
<th>Level</th>
<th>Category</th>
<th>File:Line</th>
<th>Message</th>
</tr>

<tr>
<td>1</td>
<td title="main thread">main</td>
<td title="Level"><font color="#993300"><strong>ERROR</strong></font></td>
<td title="com.ParkingLibrary.GlobalSeleniumLibrary category">com.ParkingLibrary.GlobalSeleniumLibrary</td>
<td>GlobalSeleniumLibrary.java:504</td>
<td title="Message">Error</td>
</tr>
<tr><td bgcolor="#993300" style="color:White; font-size : xx-small;" colspan="6">org.openqa.selenium.NoSuchElementException: Cannot locate element with text:  Economy Parking
<br>&nbsp;&nbsp;&nbsp;&nbsp;For documentation on this error, please visit: http://seleniumhq.org/exceptions/no_such_element.html
<br>&nbsp;&nbsp;&nbsp;&nbsp;Build info: version: '3.4.0', revision: 'unknown', time: 'unknown'
<br>&nbsp;&nbsp;&nbsp;&nbsp;System info: host: 'DESKTOP-GQF8HD8', ip: '192.168.10.1', os.name: 'Windows 10', os.arch: 'amd64', os.version: '10.0', java.version: '9.0.4'
<br>&nbsp;&nbsp;&nbsp;&nbsp;Driver info: driver.version: unknown
<br>&nbsp;&nbsp;&nbsp;&nbsp;	at org.openqa.selenium.support.ui.Select.selectByVisibleText(Select.java:151)
<br>&nbsp;&nbsp;&nbsp;&nbsp;	at com.ParkingLibrary.GlobalSeleniumLibrary.selectDropDownVisibleText(GlobalSeleniumLibrary.java:500)
<br>&nbsp;&nbsp;&nbsp;&nbsp;	at com.Parking_pages.Parking_Calculator.dataDrivenTest(Parking_Calculator.java:47)
<br>&nbsp;&nbsp;&nbsp;&nbsp;	at java.base/jdk.internal.reflect.NativeMethodAccessorImpl.invoke0(Native Method)
<br>&nbsp;&nbsp;&nbsp;&nbsp;	at java.base/jdk.internal.reflect.NativeMethodAccessorImpl.invoke(NativeMethodAccessorImpl.java:62)
<br>&nbsp;&nbsp;&nbsp;&nbsp;	at java.base/jdk.internal.reflect.DelegatingMethodAccessorImpl.invoke(DelegatingMethodAccessorImpl.java:43)
<br>&nbsp;&nbsp;&nbsp;&nbsp;	at java.base/java.lang.reflect.Method.invoke(Method.java:564)
<br>&nbsp;&nbsp;&nbsp;&nbsp;	at org.testng.internal.MethodInvocationHelper.invokeMethod(MethodInvocationHelper.java:108)
<br>&nbsp;&nbsp;&nbsp;&nbsp;	at org.testng.internal.Invoker.invokeMethod(Invoker.java:661)
<br>&nbsp;&nbsp;&nbsp;&nbsp;	at org.testng.internal.Invoker.invokeTestMethod(Invoker.java:869)
<br>&nbsp;&nbsp;&nbsp;&nbsp;	at org.testng.internal.Invoker.invokeTestMethods(Invoker.java:1193)
<br>&nbsp;&nbsp;&nbsp;&nbsp;	at org.testng.internal.TestMethodWorker.invokeTestMethods(TestMethodWorker.java:126)
<br>&nbsp;&nbsp;&nbsp;&nbsp;	at org.testng.internal.TestMethodWorker.run(TestMethodWorker.java:109)
<br>&nbsp;&nbsp;&nbsp;&nbsp;	at org.testng.TestRunner.privateRun(TestRunner.java:744)
<br>&nbsp;&nbsp;&nbsp;&nbsp;	at org.testng.TestRunner.run(TestRunner.java:602)
<br>&nbsp;&nbsp;&nbsp;&nbsp;	at org.testng.SuiteRunner.runTest(SuiteRunner.java:380)
<br>&nbsp;&nbsp;&nbsp;&nbsp;	at org.testng.SuiteRunner.runSequentially(SuiteRunner.java:375)
<br>&nbsp;&nbsp;&nbsp;&nbsp;	at org.testng.SuiteRunner.privateRun(SuiteRunner.java:340)
<br>&nbsp;&nbsp;&nbsp;&nbsp;	at org.testng.SuiteRunner.run(SuiteRunner.java:289)
<br>&nbsp;&nbsp;&nbsp;&nbsp;	at org.testng.SuiteRunnerWorker.runSuite(SuiteRunnerWorker.java:52)
<br>&nbsp;&nbsp;&nbsp;&nbsp;	at org.testng.SuiteRunnerWorker.run(SuiteRunnerWorker.java:86)
<br>&nbsp;&nbsp;&nbsp;&nbsp;	at org.testng.TestNG.runSuitesSequentially(TestNG.java:1301)
<br>&nbsp;&nbsp;&nbsp;&nbsp;	at org.testng.TestNG.runSuitesLocally(TestNG.java:1226)
<br>&nbsp;&nbsp;&nbsp;&nbsp;	at org.testng.TestNG.runSuites(TestNG.java:1144)
<br>&nbsp;&nbsp;&nbsp;&nbsp;	at org.testng.TestNG.run(TestNG.java:1115)
<br>&nbsp;&nbsp;&nbsp;&nbsp;	at org.testng.remote.AbstractRemoteTestNG.run(AbstractRemoteTestNG.java:114)
<br>&nbsp;&nbsp;&nbsp;&nbsp;	at org.testng.remote.RemoteTestNG.initAndRun(RemoteTestNG.java:251)
<br>&nbsp;&nbsp;&nbsp;&nbsp;	at org.testng.remote.RemoteTestNG.main(RemoteTestNG.java:77)
</td></tr>

<tr>
<td>482</td>
<td title="main thread">main</td>
<td title="Level">INFO</td>
<td title="com.ParkingLibrary.GlobalSeleniumLibrary category">com.ParkingLibrary.GlobalSeleniumLibrary</td>
<td>GlobalSeleniumLibrary.java:398</td>
<td title="Message">Screenshot Captured: target/screenshots/dataDrivenTest2019_02_17_17_23_25_755.png</td>
</tr>

<tr>
<td>4527</td>
<td title="main thread">main</td>
<td title="Level"><font color="#993300"><strong>ERROR</strong></font></td>
<td title="com.ParkingLibrary.Base category">com.ParkingLibrary.Base</td>
<td>Base.java:52</td>
<td title="Message">Error: </td>
</tr>
<tr><td bgcolor="#993300" style="color:White; font-size : xx-small;" colspan="6">org.openqa.selenium.WebDriverException: chrome not reachable
<br>&nbsp;&nbsp;&nbsp;&nbsp;  (Session info: chrome=72.0.3626.109)
<br>&nbsp;&nbsp;&nbsp;&nbsp;  (Driver info: chromedriver=2.45.615291 (ec3682e3c9061c10f26ea9e5cdcf3c53f3f74387),platform=Windows NT 10.0.17134 x86_64) (WARNING: The server did not provide any stacktrace information)
<br>&nbsp;&nbsp;&nbsp;&nbsp;Command duration or timeout: 2.03 seconds
<br>&nbsp;&nbsp;&nbsp;&nbsp;Build info: version: '3.4.0', revision: 'unknown', time: 'unknown'
<br>&nbsp;&nbsp;&nbsp;&nbsp;System info: host: 'DESKTOP-GQF8HD8', ip: '192.168.10.1', os.name: 'Windows 10', os.arch: 'amd64', os.version: '10.0', java.version: '9.0.4'
<br>&nbsp;&nbsp;&nbsp;&nbsp;Driver info: org.openqa.selenium.chrome.ChromeDriver
<br>&nbsp;&nbsp;&nbsp;&nbsp;Capabilities [{mobileEmulationEnabled=false, timeouts={implicit=0.0, pageLoad=300000.0, script=30000.0}, hasTouchScreen=false, platform=XP, acceptSslCerts=false, goog:chromeOptions={debuggerAddress=localhost:52565}, acceptInsecureCerts=false, webStorageEnabled=true, browserName=chrome, takesScreenshot=true, javascriptEnabled=true, setWindowRect=true, unexpectedAlertBehaviour=ignore, applicationCacheEnabled=false, rotatable=false, networkConnectionEnabled=false, chrome={chromedriverVersion=2.45.615291 (ec3682e3c9061c10f26ea9e5cdcf3c53f3f74387), userDataDir=C:\Users\aboba\AppData\Local\Temp\scoped_dir23512_1017}, takesHeapSnapshot=true, pageLoadStrategy=normal, strictFileInteractability=false, databaseEnabled=false, handlesAlerts=true, version=72.0.3626.109, browserConnectionEnabled=false, proxy=Proxy(), nativeEvents=true, locationContextEnabled=true, cssSelectorsEnabled=true}]
<br>&nbsp;&nbsp;&nbsp;&nbsp;Session ID: 4e287caa9d09e2182ecc8bdac629dac8
<br>&nbsp;&nbsp;&nbsp;&nbsp;	at java.base/jdk.internal.reflect.NativeConstructorAccessorImpl.newInstance0(Native Method)
<br>&nbsp;&nbsp;&nbsp;&nbsp;	at java.base/jdk.internal.reflect.NativeConstructorAccessorImpl.newInstance(NativeConstructorAccessorImpl.java:62)
<br>&nbsp;&nbsp;&nbsp;&nbsp;	at java.base/jdk.internal.reflect.DelegatingConstructorAccessorImpl.newInstance(DelegatingConstructorAccessorImpl.java:45)
<br>&nbsp;&nbsp;&nbsp;&nbsp;	at java.base/java.lang.reflect.Constructor.newInstance(Constructor.java:488)
<br>&nbsp;&nbsp;&nbsp;&nbsp;	at org.openqa.selenium.remote.ErrorHandler.createThrowable(ErrorHandler.java:215)
<br>&nbsp;&nbsp;&nbsp;&nbsp;	at org.openqa.selenium.remote.ErrorHandler.throwIfResponseFailed(ErrorHandler.java:167)
<br>&nbsp;&nbsp;&nbsp;&nbsp;	at org.openqa.selenium.remote.RemoteWebDriver.execute(RemoteWebDriver.java:671)
<br>&nbsp;&nbsp;&nbsp;&nbsp;	at org.openqa.selenium.remote.RemoteWebDriver.execute(RemoteWebDriver.java:694)
<br>&nbsp;&nbsp;&nbsp;&nbsp;	at org.openqa.selenium.remote.RemoteWebDriver.close(RemoteWebDriver.java:523)
<br>&nbsp;&nbsp;&nbsp;&nbsp;	at com.ParkingLibrary.Base.afterEachTestEnd(Base.java:48)
<br>&nbsp;&nbsp;&nbsp;&nbsp;	at java.base/jdk.internal.reflect.NativeMethodAccessorImpl.invoke0(Native Method)
<br>&nbsp;&nbsp;&nbsp;&nbsp;	at java.base/jdk.internal.reflect.NativeMethodAccessorImpl.invoke(NativeMethodAccessorImpl.java:62)
<br>&nbsp;&nbsp;&nbsp;&nbsp;	at java.base/jdk.internal.reflect.DelegatingMethodAccessorImpl.invoke(DelegatingMethodAccessorImpl.java:43)
<br>&nbsp;&nbsp;&nbsp;&nbsp;	at java.base/java.lang.reflect.Method.invoke(Method.java:564)
<br>&nbsp;&nbsp;&nbsp;&nbsp;	at org.testng.internal.MethodInvocationHelper.invokeMethod(MethodInvocationHelper.java:108)
<br>&nbsp;&nbsp;&nbsp;&nbsp;	at org.testng.internal.Invoker.invokeConfigurationMethod(Invoker.java:523)
<br>&nbsp;&nbsp;&nbsp;&nbsp;	at org.testng.internal.Invoker.invokeConfigurations(Invoker.java:224)
<br>&nbsp;&nbsp;&nbsp;&nbsp;	at org.testng.internal.Invoker.invokeMethod(Invoker.java:723)
<br>&nbsp;&nbsp;&nbsp;&nbsp;	at org.testng.internal.Invoker.invokeTestMethod(Invoker.java:869)
<br>&nbsp;&nbsp;&nbsp;&nbsp;	at org.testng.internal.Invoker.invokeTestMethods(Invoker.java:1193)
<br>&nbsp;&nbsp;&nbsp;&nbsp;	at org.testng.internal.TestMethodWorker.invokeTestMethods(TestMethodWorker.java:126)
<br>&nbsp;&nbsp;&nbsp;&nbsp;	at org.testng.internal.TestMethodWorker.run(TestMethodWorker.java:109)
<br>&nbsp;&nbsp;&nbsp;&nbsp;	at org.testng.TestRunner.privateRun(TestRunner.java:744)
<br>&nbsp;&nbsp;&nbsp;&nbsp;	at org.testng.TestRunner.run(TestRunner.java:602)
<br>&nbsp;&nbsp;&nbsp;&nbsp;	at org.testng.SuiteRunner.runTest(SuiteRunner.java:380)
<br>&nbsp;&nbsp;&nbsp;&nbsp;	at org.testng.SuiteRunner.runSequentially(SuiteRunner.java:375)
<br>&nbsp;&nbsp;&nbsp;&nbsp;	at org.testng.SuiteRunner.privateRun(SuiteRunner.java:340)
<br>&nbsp;&nbsp;&nbsp;&nbsp;	at org.testng.SuiteRunner.run(SuiteRunner.java:289)
<br>&nbsp;&nbsp;&nbsp;&nbsp;	at org.testng.SuiteRunnerWorker.runSuite(SuiteRunnerWorker.java:52)
<br>&nbsp;&nbsp;&nbsp;&nbsp;	at org.testng.SuiteRunnerWorker.run(SuiteRunnerWorker.java:86)
<br>&nbsp;&nbsp;&nbsp;&nbsp;	at org.testng.TestNG.runSuitesSequentially(TestNG.java:1301)
<br>&nbsp;&nbsp;&nbsp;&nbsp;	at org.testng.TestNG.runSuitesLocally(TestNG.java:1226)
<br>&nbsp;&nbsp;&nbsp;&nbsp;	at org.testng.TestNG.runSuites(TestNG.java:1144)
<br>&nbsp;&nbsp;&nbsp;&nbsp;	at org.testng.TestNG.run(TestNG.java:1115)
<br>&nbsp;&nbsp;&nbsp;&nbsp;	at org.testng.remote.AbstractRemoteTestNG.run(AbstractRemoteTestNG.java:114)
<br>&nbsp;&nbsp;&nbsp;&nbsp;	at org.testng.remote.RemoteTestNG.initAndRun(RemoteTestNG.java:251)
<br>&nbsp;&nbsp;&nbsp;&nbsp;	at org.testng.remote.RemoteTestNG.main(RemoteTestNG.java:77)
</td></tr>

<tr>
<td>10643</td>
<td title="main thread">main</td>
<td title="Level">INFO</td>
<td title="com.ParkingLibrary.GlobalSeleniumLibrary category">com.ParkingLibrary.GlobalSeleniumLibrary</td>
<td>GlobalSeleniumLibrary.java:398</td>
<td title="Message">Screenshot Captured: target/screenshots/dataDrivenTest2019_02_17_17_23_35_904.png</td>
</tr>

<tr>
<td>20298</td>
<td title="main thread">main</td>
<td title="Level">INFO</td>
<td title="com.ParkingLibrary.GlobalSeleniumLibrary category">com.ParkingLibrary.GlobalSeleniumLibrary</td>
<td>GlobalSeleniumLibrary.java:398</td>
<td title="Message">Screenshot Captured: target/screenshots/dataDrivenTest2019_02_17_17_23_45_561.png</td>
</tr>

<tr>
<td>29600</td>
<td title="main thread">main</td>
<td title="Level">INFO</td>
<td title="com.ParkingLibrary.GlobalSeleniumLibrary category">com.ParkingLibrary.GlobalSeleniumLibrary</td>
<td>GlobalSeleniumLibrary.java:398</td>
<td title="Message">Screenshot Captured: target/screenshots/dataDrivenTest2019_02_17_17_23_54_926.png</td>
</tr>

<tr>
<td>39016</td>
<td title="main thread">main</td>
<td title="Level">INFO</td>
<td title="com.ParkingLibrary.GlobalSeleniumLibrary category">com.ParkingLibrary.GlobalSeleniumLibrary</td>
<td>GlobalSeleniumLibrary.java:398</td>
<td title="Message">Screenshot Captured: target/screenshots/dataDrivenTest2019_02_17_17_24_04_127.png</td>
</tr>

<tr>
<td>76610</td>
<td title="main thread">main</td>
<td title="Level"><font color="#993300"><strong>ERROR</strong></font></td>
<td title="com.ParkingLibrary.GlobalSeleniumLibrary category">com.ParkingLibrary.GlobalSeleniumLibrary</td>
<td>GlobalSeleniumLibrary.java:504</td>
<td title="Message">Error</td>
</tr>
<tr><td bgcolor="#993300" style="color:White; font-size : xx-small;" colspan="6">org.openqa.selenium.NoSuchElementException: Cannot locate element with text: 
<br>&nbsp;&nbsp;&nbsp;&nbsp;For documentation on this error, please visit: http://seleniumhq.org/exceptions/no_such_element.html
<br>&nbsp;&nbsp;&nbsp;&nbsp;Build info: version: '3.4.0', revision: 'unknown', time: 'unknown'
<br>&nbsp;&nbsp;&nbsp;&nbsp;System info: host: 'DESKTOP-GQF8HD8', ip: '192.168.10.1', os.name: 'Windows 10', os.arch: 'amd64', os.version: '10.0', java.version: '9.0.4'
<br>&nbsp;&nbsp;&nbsp;&nbsp;Driver info: driver.version: unknown
<br>&nbsp;&nbsp;&nbsp;&nbsp;	at org.openqa.selenium.support.ui.Select.selectByVisibleText(Select.java:151)
<br>&nbsp;&nbsp;&nbsp;&nbsp;	at com.ParkingLibrary.GlobalSeleniumLibrary.selectDropDownVisibleText(GlobalSeleniumLibrary.java:500)
<br>&nbsp;&nbsp;&nbsp;&nbsp;	at com.Parking_pages.Parking_Calculator.dataDrivenTest(Parking_Calculator.java:47)
<br>&nbsp;&nbsp;&nbsp;&nbsp;	at java.base/jdk.internal.reflect.NativeMethodAccessorImpl.invoke0(Native Method)
<br>&nbsp;&nbsp;&nbsp;&nbsp;	at java.base/jdk.internal.reflect.NativeMethodAccessorImpl.invoke(NativeMethodAccessorImpl.java:62)
<br>&nbsp;&nbsp;&nbsp;&nbsp;	at java.base/jdk.internal.reflect.DelegatingMethodAccessorImpl.invoke(DelegatingMethodAccessorImpl.java:43)
<br>&nbsp;&nbsp;&nbsp;&nbsp;	at java.base/java.lang.reflect.Method.invoke(Method.java:564)
<br>&nbsp;&nbsp;&nbsp;&nbsp;	at org.testng.internal.MethodInvocationHelper.invokeMethod(MethodInvocationHelper.java:108)
<br>&nbsp;&nbsp;&nbsp;&nbsp;	at org.testng.internal.Invoker.invokeMethod(Invoker.java:661)
<br>&nbsp;&nbsp;&nbsp;&nbsp;	at org.testng.internal.Invoker.invokeTestMethod(Invoker.java:869)
<br>&nbsp;&nbsp;&nbsp;&nbsp;	at org.testng.internal.Invoker.invokeTestMethods(Invoker.java:1193)
<br>&nbsp;&nbsp;&nbsp;&nbsp;	at org.testng.internal.TestMethodWorker.invokeTestMethods(TestMethodWorker.java:126)
<br>&nbsp;&nbsp;&nbsp;&nbsp;	at org.testng.internal.TestMethodWorker.run(TestMethodWorker.java:109)
<br>&nbsp;&nbsp;&nbsp;&nbsp;	at org.testng.TestRunner.privateRun(TestRunner.java:744)
<br>&nbsp;&nbsp;&nbsp;&nbsp;	at org.testng.TestRunner.run(TestRunner.java:602)
<br>&nbsp;&nbsp;&nbsp;&nbsp;	at org.testng.SuiteRunner.runTest(SuiteRunner.java:380)
<br>&nbsp;&nbsp;&nbsp;&nbsp;	at org.testng.SuiteRunner.runSequentially(SuiteRunner.java:375)
<br>&nbsp;&nbsp;&nbsp;&nbsp;	at org.testng.SuiteRunner.privateRun(SuiteRunner.java:340)
<br>&nbsp;&nbsp;&nbsp;&nbsp;	at org.testng.SuiteRunner.run(SuiteRunner.java:289)
<br>&nbsp;&nbsp;&nbsp;&nbsp;	at org.testng.SuiteRunnerWorker.runSuite(SuiteRunnerWorker.java:52)
<br>&nbsp;&nbsp;&nbsp;&nbsp;	at org.testng.SuiteRunnerWorker.run(SuiteRunnerWorker.java:86)
<br>&nbsp;&nbsp;&nbsp;&nbsp;	at org.testng.TestNG.runSuitesSequentially(TestNG.java:1301)
<br>&nbsp;&nbsp;&nbsp;&nbsp;	at org.testng.TestNG.runSuitesLocally(TestNG.java:1226)
<br>&nbsp;&nbsp;&nbsp;&nbsp;	at org.testng.TestNG.runSuites(TestNG.java:1144)
<br>&nbsp;&nbsp;&nbsp;&nbsp;	at org.testng.TestNG.run(TestNG.java:1115)
<br>&nbsp;&nbsp;&nbsp;&nbsp;	at org.testng.remote.AbstractRemoteTestNG.run(AbstractRemoteTestNG.java:114)
<br>&nbsp;&nbsp;&nbsp;&nbsp;	at org.testng.remote.RemoteTestNG.initAndRun(RemoteTestNG.java:251)
<br>&nbsp;&nbsp;&nbsp;&nbsp;	at org.testng.remote.RemoteTestNG.main(RemoteTestNG.java:77)
</td></tr>

<tr>
<td>77005</td>
<td title="main thread">main</td>
<td title="Level">INFO</td>
<td title="com.ParkingLibrary.GlobalSeleniumLibrary category">com.ParkingLibrary.GlobalSeleniumLibrary</td>
<td>GlobalSeleniumLibrary.java:398</td>
<td title="Message">Screenshot Captured: target/screenshots/dataDrivenTest2019_02_17_17_24_42_332.png</td>
</tr>
<!DOCTYPE HTML PUBLIC "-//W3C//DTD HTML 4.01 Transitional//EN" "http://www.w3.org/TR/html4/loose.dtd">
<html>
<head>
<title>Selenium Logs</title>
<style type="text/css">
<!--
body, table {font-family: arial,sans-serif; font-size: x-small;}
th {background: #336699; color: #FFFFFF; text-align: left;}
-->
</style>
</head>
<body bgcolor="#FFFFFF" topmargin="6" leftmargin="6">
<hr size="1" noshade>
Log session start time Wed Feb 20 11:41:12 EST 2019<br>
<br>
<table cellspacing="0" cellpadding="4" border="1" bordercolor="#224466" width="100%">
<tr>
<th>Time</th>
<th>Thread</th>
<th>Level</th>
<th>Category</th>
<th>File:Line</th>
<th>Message</th>
</tr>

<tr>
<td>1</td>
<td title="main thread">main</td>
<td title="Level"><font color="#993300"><strong>ERROR</strong></font></td>
<td title="com.ParkingLibrary.GlobalSeleniumLibrary category">com.ParkingLibrary.GlobalSeleniumLibrary</td>
<td>GlobalSeleniumLibrary.java:504</td>
<td title="Message">Error</td>
</tr>
<tr><td bgcolor="#993300" style="color:White; font-size : xx-small;" colspan="6">org.openqa.selenium.NoSuchElementException: Cannot locate element with text:  Economy Parking
<br>&nbsp;&nbsp;&nbsp;&nbsp;For documentation on this error, please visit: http://seleniumhq.org/exceptions/no_such_element.html
<br>&nbsp;&nbsp;&nbsp;&nbsp;Build info: version: '3.4.0', revision: 'unknown', time: 'unknown'
<br>&nbsp;&nbsp;&nbsp;&nbsp;System info: host: 'DESKTOP-GQF8HD8', ip: '192.168.10.1', os.name: 'Windows 10', os.arch: 'amd64', os.version: '10.0', java.version: '1.8.0_202'
<br>&nbsp;&nbsp;&nbsp;&nbsp;Driver info: driver.version: unknown
<br>&nbsp;&nbsp;&nbsp;&nbsp;	at org.openqa.selenium.support.ui.Select.selectByVisibleText(Select.java:151)
<br>&nbsp;&nbsp;&nbsp;&nbsp;	at com.ParkingLibrary.GlobalSeleniumLibrary.selectDropDownVisibleText(GlobalSeleniumLibrary.java:500)
<br>&nbsp;&nbsp;&nbsp;&nbsp;	at com.Parking_pages.Parking_Calculator.dataDrivenTest(Parking_Calculator.java:47)
<br>&nbsp;&nbsp;&nbsp;&nbsp;	at sun.reflect.NativeMethodAccessorImpl.invoke0(Native Method)
<br>&nbsp;&nbsp;&nbsp;&nbsp;	at sun.reflect.NativeMethodAccessorImpl.invoke(Unknown Source)
<br>&nbsp;&nbsp;&nbsp;&nbsp;	at sun.reflect.DelegatingMethodAccessorImpl.invoke(Unknown Source)
<br>&nbsp;&nbsp;&nbsp;&nbsp;	at java.lang.reflect.Method.invoke(Unknown Source)
<br>&nbsp;&nbsp;&nbsp;&nbsp;	at org.testng.internal.MethodInvocationHelper.invokeMethod(MethodInvocationHelper.java:108)
<br>&nbsp;&nbsp;&nbsp;&nbsp;	at org.testng.internal.Invoker.invokeMethod(Invoker.java:661)
<br>&nbsp;&nbsp;&nbsp;&nbsp;	at org.testng.internal.Invoker.invokeTestMethod(Invoker.java:869)
<br>&nbsp;&nbsp;&nbsp;&nbsp;	at org.testng.internal.Invoker.invokeTestMethods(Invoker.java:1193)
<br>&nbsp;&nbsp;&nbsp;&nbsp;	at org.testng.internal.TestMethodWorker.invokeTestMethods(TestMethodWorker.java:126)
<br>&nbsp;&nbsp;&nbsp;&nbsp;	at org.testng.internal.TestMethodWorker.run(TestMethodWorker.java:109)
<br>&nbsp;&nbsp;&nbsp;&nbsp;	at org.testng.TestRunner.privateRun(TestRunner.java:744)
<br>&nbsp;&nbsp;&nbsp;&nbsp;	at org.testng.TestRunner.run(TestRunner.java:602)
<br>&nbsp;&nbsp;&nbsp;&nbsp;	at org.testng.SuiteRunner.runTest(SuiteRunner.java:380)
<br>&nbsp;&nbsp;&nbsp;&nbsp;	at org.testng.SuiteRunner.runSequentially(SuiteRunner.java:375)
<br>&nbsp;&nbsp;&nbsp;&nbsp;	at org.testng.SuiteRunner.privateRun(SuiteRunner.java:340)
<br>&nbsp;&nbsp;&nbsp;&nbsp;	at org.testng.SuiteRunner.run(SuiteRunner.java:289)
<br>&nbsp;&nbsp;&nbsp;&nbsp;	at org.testng.SuiteRunnerWorker.runSuite(SuiteRunnerWorker.java:52)
<br>&nbsp;&nbsp;&nbsp;&nbsp;	at org.testng.SuiteRunnerWorker.run(SuiteRunnerWorker.java:86)
<br>&nbsp;&nbsp;&nbsp;&nbsp;	at org.testng.TestNG.runSuitesSequentially(TestNG.java:1301)
<br>&nbsp;&nbsp;&nbsp;&nbsp;	at org.testng.TestNG.runSuitesLocally(TestNG.java:1226)
<br>&nbsp;&nbsp;&nbsp;&nbsp;	at org.testng.TestNG.runSuites(TestNG.java:1144)
<br>&nbsp;&nbsp;&nbsp;&nbsp;	at org.testng.TestNG.run(TestNG.java:1115)
<br>&nbsp;&nbsp;&nbsp;&nbsp;	at org.testng.remote.AbstractRemoteTestNG.run(AbstractRemoteTestNG.java:114)
<br>&nbsp;&nbsp;&nbsp;&nbsp;	at org.testng.remote.RemoteTestNG.initAndRun(RemoteTestNG.java:251)
<br>&nbsp;&nbsp;&nbsp;&nbsp;	at org.testng.remote.RemoteTestNG.main(RemoteTestNG.java:77)
</td></tr>

<tr>
<td>422</td>
<td title="main thread">main</td>
<td title="Level">INFO</td>
<td title="com.ParkingLibrary.GlobalSeleniumLibrary category">com.ParkingLibrary.GlobalSeleniumLibrary</td>
<td>GlobalSeleniumLibrary.java:398</td>
<td title="Message">Screenshot Captured: target/screenshots/dataDrivenTest2019_02_20_11_41_48_611.png</td>
</tr>

<tr>
<td>9690</td>
<td title="main thread">main</td>
<td title="Level">INFO</td>
<td title="com.ParkingLibrary.GlobalSeleniumLibrary category">com.ParkingLibrary.GlobalSeleniumLibrary</td>
<td>GlobalSeleniumLibrary.java:398</td>
<td title="Message">Screenshot Captured: target/screenshots/dataDrivenTest2019_02_20_11_41_57_928.png</td>
</tr>

<tr>
<td>18560</td>
<td title="main thread">main</td>
<td title="Level">INFO</td>
<td title="com.ParkingLibrary.GlobalSeleniumLibrary category">com.ParkingLibrary.GlobalSeleniumLibrary</td>
<td>GlobalSeleniumLibrary.java:398</td>
<td title="Message">Screenshot Captured: target/screenshots/dataDrivenTest2019_02_20_11_42_06_782.png</td>
</tr>

<tr>
<td>26053</td>
<td title="main thread">main</td>
<td title="Level"><font color="#993300"><strong>ERROR</strong></font></td>
<td title="com.ParkingLibrary.GlobalSeleniumLibrary category">com.ParkingLibrary.GlobalSeleniumLibrary</td>
<td>GlobalSeleniumLibrary.java:76</td>
<td title="Message">Error: </td>
</tr>
<tr><td bgcolor="#993300" style="color:White; font-size : xx-small;" colspan="6">org.openqa.selenium.NoSuchWindowException: no such window: target window already closed
<br>&nbsp;&nbsp;&nbsp;&nbsp;from unknown error: web view not found
<br>&nbsp;&nbsp;&nbsp;&nbsp;  (Session info: chrome=72.0.3626.109)
<br>&nbsp;&nbsp;&nbsp;&nbsp;  (Driver info: chromedriver=2.45.615291 (ec3682e3c9061c10f26ea9e5cdcf3c53f3f74387),platform=Windows NT 10.0.17134 x86_64) (WARNING: The server did not provide any stacktrace information)
<br>&nbsp;&nbsp;&nbsp;&nbsp;Command duration or timeout: 23 milliseconds
<br>&nbsp;&nbsp;&nbsp;&nbsp;Build info: version: '3.4.0', revision: 'unknown', time: 'unknown'
<br>&nbsp;&nbsp;&nbsp;&nbsp;System info: host: 'DESKTOP-GQF8HD8', ip: '192.168.10.1', os.name: 'Windows 10', os.arch: 'amd64', os.version: '10.0', java.version: '1.8.0_202'
<br>&nbsp;&nbsp;&nbsp;&nbsp;Driver info: org.openqa.selenium.chrome.ChromeDriver
<br>&nbsp;&nbsp;&nbsp;&nbsp;Capabilities [{mobileEmulationEnabled=false, timeouts={implicit=0.0, pageLoad=300000.0, script=30000.0}, hasTouchScreen=false, platform=XP, acceptSslCerts=false, goog:chromeOptions={debuggerAddress=localhost:54377}, acceptInsecureCerts=false, webStorageEnabled=true, browserName=chrome, takesScreenshot=true, javascriptEnabled=true, setWindowRect=true, unexpectedAlertBehaviour=ignore, applicationCacheEnabled=false, rotatable=false, networkConnectionEnabled=false, chrome={chromedriverVersion=2.45.615291 (ec3682e3c9061c10f26ea9e5cdcf3c53f3f74387), userDataDir=C:\Users\aboba\AppData\Local\Temp\scoped_dir13008_16262}, takesHeapSnapshot=true, pageLoadStrategy=normal, strictFileInteractability=false, databaseEnabled=false, handlesAlerts=true, version=72.0.3626.109, browserConnectionEnabled=false, proxy=Proxy(), nativeEvents=true, locationContextEnabled=true, cssSelectorsEnabled=true}]
<br>&nbsp;&nbsp;&nbsp;&nbsp;Session ID: 2ed3f275065ec9f558ee7082c699dd22
<br>&nbsp;&nbsp;&nbsp;&nbsp;*** Element info: {Using=id, value=EntryDate}
<br>&nbsp;&nbsp;&nbsp;&nbsp;	at sun.reflect.NativeConstructorAccessorImpl.newInstance0(Native Method)
<br>&nbsp;&nbsp;&nbsp;&nbsp;	at sun.reflect.NativeConstructorAccessorImpl.newInstance(Unknown Source)
<br>&nbsp;&nbsp;&nbsp;&nbsp;	at sun.reflect.DelegatingConstructorAccessorImpl.newInstance(Unknown Source)
<br>&nbsp;&nbsp;&nbsp;&nbsp;	at java.lang.reflect.Constructor.newInstance(Unknown Source)
<br>&nbsp;&nbsp;&nbsp;&nbsp;	at org.openqa.selenium.remote.ErrorHandler.createThrowable(ErrorHandler.java:215)
<br>&nbsp;&nbsp;&nbsp;&nbsp;	at org.openqa.selenium.remote.ErrorHandler.throwIfResponseFailed(ErrorHandler.java:167)
<br>&nbsp;&nbsp;&nbsp;&nbsp;	at org.openqa.selenium.remote.RemoteWebDriver.execute(RemoteWebDriver.java:671)
<br>&nbsp;&nbsp;&nbsp;&nbsp;	at org.openqa.selenium.remote.RemoteWebDriver.findElement(RemoteWebDriver.java:410)
<br>&nbsp;&nbsp;&nbsp;&nbsp;	at org.openqa.selenium.remote.RemoteWebDriver.findElementById(RemoteWebDriver.java:453)
<br>&nbsp;&nbsp;&nbsp;&nbsp;	at org.openqa.selenium.By$ById.findElement(By.java:218)
<br>&nbsp;&nbsp;&nbsp;&nbsp;	at org.openqa.selenium.remote.RemoteWebDriver.findElement(RemoteWebDriver.java:402)
<br>&nbsp;&nbsp;&nbsp;&nbsp;	at com.ParkingLibrary.GlobalSeleniumLibrary.enterTextField(GlobalSeleniumLibrary.java:71)
<br>&nbsp;&nbsp;&nbsp;&nbsp;	at com.Parking_pages.Parking_Calculator.dataDrivenTest(Parking_Calculator.java:49)
<br>&nbsp;&nbsp;&nbsp;&nbsp;	at sun.reflect.NativeMethodAccessorImpl.invoke0(Native Method)
<br>&nbsp;&nbsp;&nbsp;&nbsp;	at sun.reflect.NativeMethodAccessorImpl.invoke(Unknown Source)
<br>&nbsp;&nbsp;&nbsp;&nbsp;	at sun.reflect.DelegatingMethodAccessorImpl.invoke(Unknown Source)
<br>&nbsp;&nbsp;&nbsp;&nbsp;	at java.lang.reflect.Method.invoke(Unknown Source)
<br>&nbsp;&nbsp;&nbsp;&nbsp;	at org.testng.internal.MethodInvocationHelper.invokeMethod(MethodInvocationHelper.java:108)
<br>&nbsp;&nbsp;&nbsp;&nbsp;	at org.testng.internal.Invoker.invokeMethod(Invoker.java:661)
<br>&nbsp;&nbsp;&nbsp;&nbsp;	at org.testng.internal.Invoker.invokeTestMethod(Invoker.java:869)
<br>&nbsp;&nbsp;&nbsp;&nbsp;	at org.testng.internal.Invoker.invokeTestMethods(Invoker.java:1193)
<br>&nbsp;&nbsp;&nbsp;&nbsp;	at org.testng.internal.TestMethodWorker.invokeTestMethods(TestMethodWorker.java:126)
<br>&nbsp;&nbsp;&nbsp;&nbsp;	at org.testng.internal.TestMethodWorker.run(TestMethodWorker.java:109)
<br>&nbsp;&nbsp;&nbsp;&nbsp;	at org.testng.TestRunner.privateRun(TestRunner.java:744)
<br>&nbsp;&nbsp;&nbsp;&nbsp;	at org.testng.TestRunner.run(TestRunner.java:602)
<br>&nbsp;&nbsp;&nbsp;&nbsp;	at org.testng.SuiteRunner.runTest(SuiteRunner.java:380)
<br>&nbsp;&nbsp;&nbsp;&nbsp;	at org.testng.SuiteRunner.runSequentially(SuiteRunner.java:375)
<br>&nbsp;&nbsp;&nbsp;&nbsp;	at org.testng.SuiteRunner.privateRun(SuiteRunner.java:340)
<br>&nbsp;&nbsp;&nbsp;&nbsp;	at org.testng.SuiteRunner.run(SuiteRunner.java:289)
<br>&nbsp;&nbsp;&nbsp;&nbsp;	at org.testng.SuiteRunnerWorker.runSuite(SuiteRunnerWorker.java:52)
<br>&nbsp;&nbsp;&nbsp;&nbsp;	at org.testng.SuiteRunnerWorker.run(SuiteRunnerWorker.java:86)
<br>&nbsp;&nbsp;&nbsp;&nbsp;	at org.testng.TestNG.runSuitesSequentially(TestNG.java:1301)
<br>&nbsp;&nbsp;&nbsp;&nbsp;	at org.testng.TestNG.runSuitesLocally(TestNG.java:1226)
<br>&nbsp;&nbsp;&nbsp;&nbsp;	at org.testng.TestNG.runSuites(TestNG.java:1144)
<br>&nbsp;&nbsp;&nbsp;&nbsp;	at org.testng.TestNG.run(TestNG.java:1115)
<br>&nbsp;&nbsp;&nbsp;&nbsp;	at org.testng.remote.AbstractRemoteTestNG.run(AbstractRemoteTestNG.java:114)
<br>&nbsp;&nbsp;&nbsp;&nbsp;	at org.testng.remote.RemoteTestNG.initAndRun(RemoteTestNG.java:251)
<br>&nbsp;&nbsp;&nbsp;&nbsp;	at org.testng.remote.RemoteTestNG.main(RemoteTestNG.java:77)
</td></tr>

<tr>
<td>26077</td>
<td title="main thread">main</td>
<td title="Level"><font color="#993300"><strong>ERROR</strong></font></td>
<td title="com.ParkingLibrary.GlobalSeleniumLibrary category">com.ParkingLibrary.GlobalSeleniumLibrary</td>
<td>GlobalSeleniumLibrary.java:395</td>
<td title="Message">Error: </td>
</tr>
<tr><td bgcolor="#993300" style="color:White; font-size : xx-small;" colspan="6">org.openqa.selenium.NoSuchWindowException: no such window: target window already closed
<br>&nbsp;&nbsp;&nbsp;&nbsp;from unknown error: web view not found
<br>&nbsp;&nbsp;&nbsp;&nbsp;  (Session info: chrome=72.0.3626.109)
<br>&nbsp;&nbsp;&nbsp;&nbsp;  (Driver info: chromedriver=2.45.615291 (ec3682e3c9061c10f26ea9e5cdcf3c53f3f74387),platform=Windows NT 10.0.17134 x86_64) (WARNING: The server did not provide any stacktrace information)
<br>&nbsp;&nbsp;&nbsp;&nbsp;Command duration or timeout: 10 milliseconds
<br>&nbsp;&nbsp;&nbsp;&nbsp;Build info: version: '3.4.0', revision: 'unknown', time: 'unknown'
<br>&nbsp;&nbsp;&nbsp;&nbsp;System info: host: 'DESKTOP-GQF8HD8', ip: '192.168.10.1', os.name: 'Windows 10', os.arch: 'amd64', os.version: '10.0', java.version: '1.8.0_202'
<br>&nbsp;&nbsp;&nbsp;&nbsp;Driver info: org.openqa.selenium.chrome.ChromeDriver
<br>&nbsp;&nbsp;&nbsp;&nbsp;Capabilities [{mobileEmulationEnabled=false, timeouts={implicit=0.0, pageLoad=300000.0, script=30000.0}, hasTouchScreen=false, platform=XP, acceptSslCerts=false, goog:chromeOptions={debuggerAddress=localhost:54377}, acceptInsecureCerts=false, webStorageEnabled=true, browserName=chrome, takesScreenshot=true, javascriptEnabled=true, setWindowRect=true, unexpectedAlertBehaviour=ignore, applicationCacheEnabled=false, rotatable=false, networkConnectionEnabled=false, chrome={chromedriverVersion=2.45.615291 (ec3682e3c9061c10f26ea9e5cdcf3c53f3f74387), userDataDir=C:\Users\aboba\AppData\Local\Temp\scoped_dir13008_16262}, takesHeapSnapshot=true, pageLoadStrategy=normal, strictFileInteractability=false, databaseEnabled=false, handlesAlerts=true, version=72.0.3626.109, browserConnectionEnabled=false, proxy=Proxy(), nativeEvents=true, locationContextEnabled=true, cssSelectorsEnabled=true}]
<br>&nbsp;&nbsp;&nbsp;&nbsp;Session ID: 2ed3f275065ec9f558ee7082c699dd22
<br>&nbsp;&nbsp;&nbsp;&nbsp;	at sun.reflect.NativeConstructorAccessorImpl.newInstance0(Native Method)
<br>&nbsp;&nbsp;&nbsp;&nbsp;	at sun.reflect.NativeConstructorAccessorImpl.newInstance(Unknown Source)
<br>&nbsp;&nbsp;&nbsp;&nbsp;	at sun.reflect.DelegatingConstructorAccessorImpl.newInstance(Unknown Source)
<br>&nbsp;&nbsp;&nbsp;&nbsp;	at java.lang.reflect.Constructor.newInstance(Unknown Source)
<br>&nbsp;&nbsp;&nbsp;&nbsp;	at org.openqa.selenium.remote.ErrorHandler.createThrowable(ErrorHandler.java:215)
<br>&nbsp;&nbsp;&nbsp;&nbsp;	at org.openqa.selenium.remote.ErrorHandler.throwIfResponseFailed(ErrorHandler.java:167)
<br>&nbsp;&nbsp;&nbsp;&nbsp;	at org.openqa.selenium.remote.RemoteWebDriver.execute(RemoteWebDriver.java:671)
<br>&nbsp;&nbsp;&nbsp;&nbsp;	at org.openqa.selenium.remote.RemoteWebDriver.execute(RemoteWebDriver.java:694)
<br>&nbsp;&nbsp;&nbsp;&nbsp;	at org.openqa.selenium.remote.RemoteWebDriver.getScreenshotAs(RemoteWebDriver.java:382)
<br>&nbsp;&nbsp;&nbsp;&nbsp;	at com.ParkingLibrary.GlobalSeleniumLibrary.captureScreenshot(GlobalSeleniumLibrary.java:392)
<br>&nbsp;&nbsp;&nbsp;&nbsp;	at com.ParkingLibrary.Base.afterEachTestEnd(Base.java:44)
<br>&nbsp;&nbsp;&nbsp;&nbsp;	at sun.reflect.NativeMethodAccessorImpl.invoke0(Native Method)
<br>&nbsp;&nbsp;&nbsp;&nbsp;	at sun.reflect.NativeMethodAccessorImpl.invoke(Unknown Source)
<br>&nbsp;&nbsp;&nbsp;&nbsp;	at sun.reflect.DelegatingMethodAccessorImpl.invoke(Unknown Source)
<br>&nbsp;&nbsp;&nbsp;&nbsp;	at java.lang.reflect.Method.invoke(Unknown Source)
<br>&nbsp;&nbsp;&nbsp;&nbsp;	at org.testng.internal.MethodInvocationHelper.invokeMethod(MethodInvocationHelper.java:108)
<br>&nbsp;&nbsp;&nbsp;&nbsp;	at org.testng.internal.Invoker.invokeConfigurationMethod(Invoker.java:523)
<br>&nbsp;&nbsp;&nbsp;&nbsp;	at org.testng.internal.Invoker.invokeConfigurations(Invoker.java:224)
<br>&nbsp;&nbsp;&nbsp;&nbsp;	at org.testng.internal.Invoker.invokeMethod(Invoker.java:723)
<br>&nbsp;&nbsp;&nbsp;&nbsp;	at org.testng.internal.Invoker.invokeTestMethod(Invoker.java:869)
<br>&nbsp;&nbsp;&nbsp;&nbsp;	at org.testng.internal.Invoker.invokeTestMethods(Invoker.java:1193)
<br>&nbsp;&nbsp;&nbsp;&nbsp;	at org.testng.internal.TestMethodWorker.invokeTestMethods(TestMethodWorker.java:126)
<br>&nbsp;&nbsp;&nbsp;&nbsp;	at org.testng.internal.TestMethodWorker.run(TestMethodWorker.java:109)
<br>&nbsp;&nbsp;&nbsp;&nbsp;	at org.testng.TestRunner.privateRun(TestRunner.java:744)
<br>&nbsp;&nbsp;&nbsp;&nbsp;	at org.testng.TestRunner.run(TestRunner.java:602)
<br>&nbsp;&nbsp;&nbsp;&nbsp;	at org.testng.SuiteRunner.runTest(SuiteRunner.java:380)
<br>&nbsp;&nbsp;&nbsp;&nbsp;	at org.testng.SuiteRunner.runSequentially(SuiteRunner.java:375)
<br>&nbsp;&nbsp;&nbsp;&nbsp;	at org.testng.SuiteRunner.privateRun(SuiteRunner.java:340)
<br>&nbsp;&nbsp;&nbsp;&nbsp;	at org.testng.SuiteRunner.run(SuiteRunner.java:289)
<br>&nbsp;&nbsp;&nbsp;&nbsp;	at org.testng.SuiteRunnerWorker.runSuite(SuiteRunnerWorker.java:52)
<br>&nbsp;&nbsp;&nbsp;&nbsp;	at org.testng.SuiteRunnerWorker.run(SuiteRunnerWorker.java:86)
<br>&nbsp;&nbsp;&nbsp;&nbsp;	at org.testng.TestNG.runSuitesSequentially(TestNG.java:1301)
<br>&nbsp;&nbsp;&nbsp;&nbsp;	at org.testng.TestNG.runSuitesLocally(TestNG.java:1226)
<br>&nbsp;&nbsp;&nbsp;&nbsp;	at org.testng.TestNG.runSuites(TestNG.java:1144)
<br>&nbsp;&nbsp;&nbsp;&nbsp;	at org.testng.TestNG.run(TestNG.java:1115)
<br>&nbsp;&nbsp;&nbsp;&nbsp;	at org.testng.remote.AbstractRemoteTestNG.run(AbstractRemoteTestNG.java:114)
<br>&nbsp;&nbsp;&nbsp;&nbsp;	at org.testng.remote.RemoteTestNG.initAndRun(RemoteTestNG.java:251)
<br>&nbsp;&nbsp;&nbsp;&nbsp;	at org.testng.remote.RemoteTestNG.main(RemoteTestNG.java:77)
</td></tr>
